Flow report for FPGA_EP2C
Mon May 04 11:27:09 2015
Quartus II 64-Bit Version 13.0.1 Build 232 06/12/2013 Service Pack 1 SJ Full Version


---------------------
; Table of Contents ;
---------------------
  1. Legal Notice
  2. Flow Summary
  3. Flow Settings
  4. Flow Non-Default Global Settings
  5. Flow Elapsed Time
  6. Flow OS Summary
  7. Flow Log
  8. Flow Messages
  9. Flow Suppressed Messages



----------------
; Legal Notice ;
----------------
Copyright (C) 1991-2013 Altera Corporation
Your use of Altera Corporation's design tools, logic functions 
and other software and tools, and its AMPP partner logic 
functions, and any output files from any of the foregoing 
(including device programming or simulation files), and any 
associated documentation or information are expressly subject 
to the terms and conditions of the Altera Program License 
Subscription Agreement, Altera MegaCore Function License 
Agreement, or other applicable license agreement, including, 
without limitation, that your use is for the sole purpose of 
programming logic devices manufactured by Altera and sold by 
Altera or its authorized distributors.  Please refer to the 
applicable agreement for further details.



+------------------------------------------------------------------------------+
; Flow Summary                                                                 ;
+---------------------------+--------------------------------------------------+
; Flow Status               ; Successful - Mon May 04 11:27:09 2015            ;
; Quartus II 64-Bit Version ; 13.0.1 Build 232 06/12/2013 SP 1 SJ Full Version ;
; Revision Name             ; FPGA_EP2C                                        ;
; Top-level Entity Name     ; FPGA_EP2C                                        ;
; Family                    ; Cyclone                                          ;
; Device                    ; EP1C6T144C8                                      ;
; Timing Models             ; Final                                            ;
; Total logic elements      ; 347                                              ;
; Total pins                ; 56                                               ;
; Total virtual pins        ; 0                                                ;
; Total memory bits         ; 34,816                                           ;
; Total PLLs                ; 1                                                ;
+---------------------------+--------------------------------------------------+


+-----------------------------------------+
; Flow Settings                           ;
+-------------------+---------------------+
; Option            ; Setting             ;
+-------------------+---------------------+
; Start date & time ; 05/04/2015 11:27:06 ;
; Main task         ; Compilation         ;
; Revision Name     ; FPGA_EP2C           ;
+-------------------+---------------------+


+--------------------------------------------------------------------------------------------------------------------------------+
; Flow Non-Default Global Settings                                                                                               ;
+--------------------------------------+---------------------------------------+---------------+-------------+-------------------+
; Assignment Name                      ; Value                                 ; Default Value ; Entity Name ; Section Id        ;
+--------------------------------------+---------------------------------------+---------------+-------------+-------------------+
; COMPILER_SIGNATURE_ID                ; 141110922914732.143071002623336       ; --            ; --          ; --                ;
; EDA_DESIGN_INSTANCE_NAME             ; NA                                    ; --            ; --          ; FPGA_EP2C_vlg_tst ;
; EDA_NATIVELINK_SIMULATION_TEST_BENCH ; FPGA_EP2C_vlg_tst                     ; --            ; --          ; eda_simulation    ;
; EDA_OUTPUT_DATA_FORMAT               ; Verilog Hdl                           ; --            ; --          ; eda_simulation    ;
; EDA_RUN_TOOL_AUTOMATICALLY           ; Off                                   ; --            ; --          ; eda_simulation    ;
; EDA_SIMULATION_TOOL                  ; ModelSim-Altera (Verilog)             ; <None>        ; --          ; --                ;
; EDA_TEST_BENCH_ENABLE_STATUS         ; TEST_BENCH_MODE                       ; --            ; --          ; eda_simulation    ;
; EDA_TEST_BENCH_FILE                  ; simulation/modelsim/FPGA_EP2C.vt      ; --            ; --          ; FPGA_EP2C_vlg_tst ;
; EDA_TEST_BENCH_MODULE_NAME           ; FPGA_EP2C_vlg_tst                     ; --            ; --          ; FPGA_EP2C_vlg_tst ;
; EDA_TEST_BENCH_NAME                  ; FPGA_EP2C_vlg_tst                     ; --            ; --          ; eda_simulation    ;
; EDA_TIME_SCALE                       ; 1 ps                                  ; --            ; --          ; eda_simulation    ;
; IP_TOOL_NAME                         ; RAM: 2-PORT                           ; --            ; --          ; --                ;
; IP_TOOL_NAME                         ; ALTPLL                                ; --            ; --          ; --                ;
; IP_TOOL_NAME                         ; FIFO                                  ; --            ; --          ; --                ;
; IP_TOOL_NAME                         ; RAM: 2-PORT                           ; --            ; --          ; --                ;
; IP_TOOL_NAME                         ; ALTPLL                                ; --            ; --          ; --                ;
; IP_TOOL_VERSION                      ; 13.0                                  ; --            ; --          ; --                ;
; IP_TOOL_VERSION                      ; 13.0                                  ; --            ; --          ; --                ;
; IP_TOOL_VERSION                      ; 13.0                                  ; --            ; --          ; --                ;
; IP_TOOL_VERSION                      ; 13.0                                  ; --            ; --          ; --                ;
; IP_TOOL_VERSION                      ; 13.0                                  ; --            ; --          ; --                ;
; MAX_CORE_JUNCTION_TEMP               ; 85                                    ; --            ; --          ; --                ;
; MIN_CORE_JUNCTION_TEMP               ; 0                                     ; --            ; --          ; --                ;
; MISC_FILE                            ; RAM_2PORT.bsf                         ; --            ; --          ; --                ;
; MISC_FILE                            ; RAM_2PORT_bb.v                        ; --            ; --          ; --                ;
; MISC_FILE                            ; PLL.bsf                               ; --            ; --          ; --                ;
; MISC_FILE                            ; PLL_bb.v                              ; --            ; --          ; --                ;
; MISC_FILE                            ; PLL.ppf                               ; --            ; --          ; --                ;
; MISC_FILE                            ; FIFO_ADIN.bsf                         ; --            ; --          ; --                ;
; MISC_FILE                            ; FIFO_ADIN_bb.v                        ; --            ; --          ; --                ;
; MISC_FILE                            ; cylon_1_ran.bsf                       ; --            ; --          ; --                ;
; MISC_FILE                            ; cylon_1_ran.cmp                       ; --            ; --          ; --                ;
; MISC_FILE                            ; pll_2.bsf                             ; --            ; --          ; --                ;
; MISC_FILE                            ; pll_2.cmp                             ; --            ; --          ; --                ;
; MISC_FILE                            ; pll_2.ppf                             ; --            ; --          ; --                ;
; PARTITION_COLOR                      ; 16764057                              ; --            ; --          ; Top               ;
; PARTITION_FITTER_PRESERVATION_LEVEL  ; PLACEMENT_AND_ROUTING                 ; --            ; --          ; Top               ;
; PARTITION_NETLIST_TYPE               ; SOURCE                                ; --            ; --          ; Top               ;
; POWER_BOARD_THERMAL_MODEL            ; None (CONSERVATIVE)                   ; --            ; --          ; --                ;
; POWER_PRESET_COOLING_SOLUTION        ; 23 MM HEAT SINK WITH 200 LFPM AIRFLOW ; --            ; --          ; --                ;
; PROJECT_OUTPUT_DIRECTORY             ; output_files                          ; --            ; --          ; --                ;
+--------------------------------------+---------------------------------------+---------------+-------------+-------------------+


+--------------------------------------------------------------------------------------------------------------------------+
; Flow Elapsed Time                                                                                                        ;
+----------------------+--------------+-------------------------+---------------------+------------------------------------+
; Module Name          ; Elapsed Time ; Average Processors Used ; Peak Virtual Memory ; Total CPU Time (on all processors) ;
+----------------------+--------------+-------------------------+---------------------+------------------------------------+
; Analysis & Synthesis ; 00:00:03     ; 1.0                     ; 505 MB              ; 00:00:03                           ;
; Total                ; 00:00:03     ; --                      ; --                  ; 00:00:03                           ;
+----------------------+--------------+-------------------------+---------------------+------------------------------------+


+-----------------------------------------------------------------------------------+
; Flow OS Summary                                                                   ;
+----------------------+------------------+-----------+------------+----------------+
; Module Name          ; Machine Hostname ; OS Name   ; OS Version ; Processor type ;
+----------------------+------------------+-----------+------------+----------------+
; Analysis & Synthesis ; Gary             ; Windows 7 ; 6.2        ; x86_64         ;
+----------------------+------------------+-----------+------------+----------------+


------------
; Flow Log ;
------------
quartus_map --read_settings_files=on --write_settings_files=off FPGA_EP2C -c FPGA_EP2C



