Flow report for dds_stm32
Wed Apr 01 18:09:54 2015
Quartus II 64-Bit Version 13.0.1 Build 232 06/12/2013 Service Pack 1 SJ Full Version


---------------------
; Table of Contents ;
---------------------
  1. Legal Notice
  2. Flow Summary
  3. Flow Settings
  4. Flow Non-Default Global Settings
  5. Flow Elapsed Time
  6. Flow OS Summary
  7. Flow Log
  8. Flow Messages
  9. Flow Suppressed Messages



----------------
; Legal Notice ;
----------------
Copyright (C) 1991-2013 Altera Corporation
Your use of Altera Corporation's design tools, logic functions 
and other software and tools, and its AMPP partner logic 
functions, and any output files from any of the foregoing 
(including device programming or simulation files), and any 
associated documentation or information are expressly subject 
to the terms and conditions of the Altera Program License 
Subscription Agreement, Altera MegaCore Function License 
Agreement, or other applicable license agreement, including, 
without limitation, that your use is for the sole purpose of 
programming logic devices manufactured by Altera and sold by 
Altera or its authorized distributors.  Please refer to the 
applicable agreement for further details.



+---------------------------------------------------------------------------------------+
; Flow Summary                                                                          ;
+------------------------------------+--------------------------------------------------+
; Flow Status                        ; Successful - Wed Apr 01 18:09:52 2015            ;
; Quartus II 64-Bit Version          ; 13.0.1 Build 232 06/12/2013 SP 1 SJ Full Version ;
; Revision Name                      ; dds_stm32                                        ;
; Top-level Entity Name              ; dds_stm32                                        ;
; Family                             ; Cyclone II                                       ;
; Device                             ; EP2C5T144C8                                      ;
; Timing Models                      ; Final                                            ;
; Total logic elements               ; 40 / 4,608 ( < 1 % )                             ;
;     Total combinational functions  ; 29 / 4,608 ( < 1 % )                             ;
;     Dedicated logic registers      ; 36 / 4,608 ( < 1 % )                             ;
; Total registers                    ; 36                                               ;
; Total pins                         ; 42 / 89 ( 47 % )                                 ;
; Total virtual pins                 ; 0                                                ;
; Total memory bits                  ; 4,096 / 119,808 ( 3 % )                          ;
; Embedded Multiplier 9-bit elements ; 0 / 26 ( 0 % )                                   ;
; Total PLLs                         ; 1 / 2 ( 50 % )                                   ;
+------------------------------------+--------------------------------------------------+


+-----------------------------------------+
; Flow Settings                           ;
+-------------------+---------------------+
; Option            ; Setting             ;
+-------------------+---------------------+
; Start date & time ; 04/01/2015 18:09:44 ;
; Main task         ; Compilation         ;
; Revision Name     ; dds_stm32           ;
+-------------------+---------------------+


+----------------------------------------------------------------------------------------------------------------------+
; Flow Non-Default Global Settings                                                                                     ;
+-------------------------------------+---------------------------------+---------------+-------------+----------------+
; Assignment Name                     ; Value                           ; Default Value ; Entity Name ; Section Id     ;
+-------------------------------------+---------------------------------+---------------+-------------+----------------+
; COMPILER_SIGNATURE_ID               ; 141110922914733.142788298405168 ; --            ; --          ; --             ;
; IP_TOOL_NAME                        ; ALTPLL                          ; --            ; --          ; --             ;
; IP_TOOL_NAME                        ; RAM: 2-PORT                     ; --            ; --          ; --             ;
; IP_TOOL_NAME                        ; RAM: 2-PORT                     ; --            ; --          ; --             ;
; IP_TOOL_VERSION                     ; 9.0                             ; --            ; --          ; --             ;
; IP_TOOL_VERSION                     ; 13.0                            ; --            ; --          ; --             ;
; IP_TOOL_VERSION                     ; 13.0                            ; --            ; --          ; --             ;
; MAX_CORE_JUNCTION_TEMP              ; 85                              ; --            ; --          ; --             ;
; MIN_CORE_JUNCTION_TEMP              ; 0                               ; --            ; --          ; --             ;
; MISC_FILE                           ; Pll.bsf                         ; --            ; --          ; --             ;
; MISC_FILE                           ; Pll_inst.vhd                    ; --            ; --          ; --             ;
; MISC_FILE                           ; Pll.cmp                         ; --            ; --          ; --             ;
; MISC_FILE                           ; Pll.ppf                         ; --            ; --          ; --             ;
; MISC_FILE                           ; RAM2PORT.bsf                    ; --            ; --          ; --             ;
; MISC_FILE                           ; RAM2PORT_bb.v                   ; --            ; --          ; --             ;
; MISC_FILE                           ; ram2_2.bsf                      ; --            ; --          ; --             ;
; MISC_FILE                           ; ram2_2.cmp                      ; --            ; --          ; --             ;
; PARTITION_COLOR                     ; 16764057                        ; --            ; --          ; Top            ;
; PARTITION_FITTER_PRESERVATION_LEVEL ; PLACEMENT_AND_ROUTING           ; --            ; --          ; Top            ;
; PARTITION_NETLIST_TYPE              ; SOURCE                          ; --            ; --          ; Top            ;
; USE_GENERATED_PHYSICAL_CONSTRAINTS  ; Off                             ; --            ; --          ; eda_blast_fpga ;
+-------------------------------------+---------------------------------+---------------+-------------+----------------+


+-------------------------------------------------------------------------------------------------------------------------------+
; Flow Elapsed Time                                                                                                             ;
+---------------------------+--------------+-------------------------+---------------------+------------------------------------+
; Module Name               ; Elapsed Time ; Average Processors Used ; Peak Virtual Memory ; Total CPU Time (on all processors) ;
+---------------------------+--------------+-------------------------+---------------------+------------------------------------+
; Analysis & Synthesis      ; 00:00:02     ; 1.0                     ; 528 MB              ; 00:00:02                           ;
; Fitter                    ; 00:00:03     ; 1.3                     ; 880 MB              ; 00:00:04                           ;
; Assembler                 ; 00:00:01     ; 1.0                     ; 424 MB              ; 00:00:01                           ;
; TimeQuest Timing Analyzer ; 00:00:01     ; 1.0                     ; 434 MB              ; 00:00:01                           ;
; Total                     ; 00:00:07     ; --                      ; --                  ; 00:00:08                           ;
+---------------------------+--------------+-------------------------+---------------------+------------------------------------+


+----------------------------------------------------------------------------------------+
; Flow OS Summary                                                                        ;
+---------------------------+------------------+-----------+------------+----------------+
; Module Name               ; Machine Hostname ; OS Name   ; OS Version ; Processor type ;
+---------------------------+------------------+-----------+------------+----------------+
; Analysis & Synthesis      ; Gary             ; Windows 7 ; 6.2        ; x86_64         ;
; Fitter                    ; Gary             ; Windows 7 ; 6.2        ; x86_64         ;
; Assembler                 ; Gary             ; Windows 7 ; 6.2        ; x86_64         ;
; TimeQuest Timing Analyzer ; Gary             ; Windows 7 ; 6.2        ; x86_64         ;
+---------------------------+------------------+-----------+------------+----------------+


------------
; Flow Log ;
------------
quartus_map --read_settings_files=on --write_settings_files=off dds_stm32 -c dds_stm32
quartus_fit --read_settings_files=off --write_settings_files=off dds_stm32 -c dds_stm32
quartus_asm --read_settings_files=off --write_settings_files=off dds_stm32 -c dds_stm32
quartus_sta dds_stm32 -c dds_stm32



