Flow report for TFTKEYSTM32
Thu Jul 02 16:43:55 2015
Quartus II 64-Bit Version 13.0.1 Build 232 06/12/2013 Service Pack 1 SJ Full Version


---------------------
; Table of Contents ;
---------------------
  1. Legal Notice
  2. Flow Summary
  3. Flow Settings
  4. Flow Non-Default Global Settings
  5. Flow Elapsed Time
  6. Flow OS Summary
  7. Flow Log
  8. Flow Messages
  9. Flow Suppressed Messages



----------------
; Legal Notice ;
----------------
Copyright (C) 1991-2013 Altera Corporation
Your use of Altera Corporation's design tools, logic functions 
and other software and tools, and its AMPP partner logic 
functions, and any output files from any of the foregoing 
(including device programming or simulation files), and any 
associated documentation or information are expressly subject 
to the terms and conditions of the Altera Program License 
Subscription Agreement, Altera MegaCore Function License 
Agreement, or other applicable license agreement, including, 
without limitation, that your use is for the sole purpose of 
programming logic devices manufactured by Altera and sold by 
Altera or its authorized distributors.  Please refer to the 
applicable agreement for further details.



+------------------------------------------------------------------------------+
; Flow Summary                                                                 ;
+---------------------------+--------------------------------------------------+
; Flow Status               ; Successful - Thu Jul 02 16:43:53 2015            ;
; Quartus II 64-Bit Version ; 13.0.1 Build 232 06/12/2013 SP 1 SJ Full Version ;
; Revision Name             ; TFTKEYSTM32                                      ;
; Top-level Entity Name     ; TFTKEYSTM32                                      ;
; Family                    ; MAX II                                           ;
; Device                    ; EPM240T100C5                                     ;
; Timing Models             ; Final                                            ;
; Total logic elements      ; 55 / 240 ( 23 % )                                ;
; Total pins                ; 53 / 80 ( 66 % )                                 ;
; Total virtual pins        ; 0                                                ;
; UFM blocks                ; 0 / 1 ( 0 % )                                    ;
+---------------------------+--------------------------------------------------+


+-----------------------------------------+
; Flow Settings                           ;
+-------------------+---------------------+
; Option            ; Setting             ;
+-------------------+---------------------+
; Start date & time ; 07/02/2015 16:43:45 ;
; Main task         ; Compilation         ;
; Revision Name     ; TFTKEYSTM32         ;
+-------------------+---------------------+


+------------------------------------------------------------------------------------------------------------------------+
; Flow Non-Default Global Settings                                                                                       ;
+---------------------------------------+---------------------------------+---------------+-------------+----------------+
; Assignment Name                       ; Value                           ; Default Value ; Entity Name ; Section Id     ;
+---------------------------------------+---------------------------------+---------------+-------------+----------------+
; COMPILER_SIGNATURE_ID                 ; 145851865709242.143582662508776 ; --            ; --          ; --             ;
; MAX_CORE_JUNCTION_TEMP                ; 85                              ; --            ; --          ; --             ;
; MIN_CORE_JUNCTION_TEMP                ; 0                               ; --            ; --          ; --             ;
; POWER_EXT_SUPPLY_VOLTAGE_TO_REGULATOR ; 3.3V                            ; --            ; --          ; --             ;
; USE_GENERATED_PHYSICAL_CONSTRAINTS    ; Off                             ; --            ; --          ; eda_blast_fpga ;
+---------------------------------------+---------------------------------+---------------+-------------+----------------+


+-------------------------------------------------------------------------------------------------------------------------------+
; Flow Elapsed Time                                                                                                             ;
+---------------------------+--------------+-------------------------+---------------------+------------------------------------+
; Module Name               ; Elapsed Time ; Average Processors Used ; Peak Virtual Memory ; Total CPU Time (on all processors) ;
+---------------------------+--------------+-------------------------+---------------------+------------------------------------+
; Analysis & Synthesis      ; 00:00:03     ; 1.0                     ; 496 MB              ; 00:00:03                           ;
; Fitter                    ; 00:00:03     ; 1.0                     ; 849 MB              ; 00:00:03                           ;
; Assembler                 ; 00:00:01     ; 1.0                     ; 405 MB              ; 00:00:01                           ;
; TimeQuest Timing Analyzer ; 00:00:02     ; 1.0                     ; 427 MB              ; 00:00:02                           ;
; Total                     ; 00:00:09     ; --                      ; --                  ; 00:00:09                           ;
+---------------------------+--------------+-------------------------+---------------------+------------------------------------+


+----------------------------------------------------------------------------------------+
; Flow OS Summary                                                                        ;
+---------------------------+------------------+-----------+------------+----------------+
; Module Name               ; Machine Hostname ; OS Name   ; OS Version ; Processor type ;
+---------------------------+------------------+-----------+------------+----------------+
; Analysis & Synthesis      ; lvniqi           ; Windows 7 ; 6.2        ; x86_64         ;
; Fitter                    ; lvniqi           ; Windows 7 ; 6.2        ; x86_64         ;
; Assembler                 ; lvniqi           ; Windows 7 ; 6.2        ; x86_64         ;
; TimeQuest Timing Analyzer ; lvniqi           ; Windows 7 ; 6.2        ; x86_64         ;
+---------------------------+------------------+-----------+------------+----------------+


------------
; Flow Log ;
------------
quartus_map --read_settings_files=on --write_settings_files=off TFTKEYSTM32 -c TFTKEYSTM32
quartus_fit --read_settings_files=off --write_settings_files=off TFTKEYSTM32 -c TFTKEYSTM32
quartus_asm --read_settings_files=off --write_settings_files=off TFTKEYSTM32 -c TFTKEYSTM32
quartus_sta TFTKEYSTM32 -c TFTKEYSTM32



