Fitter report for TFTKEYSTM32
Thu Jul 02 16:43:51 2015
Quartus II 64-Bit Version 13.0.1 Build 232 06/12/2013 Service Pack 1 SJ Full Version


---------------------
; Table of Contents ;
---------------------
  1. Legal Notice
  2. Fitter Summary
  3. Fitter Settings
  4. Parallel Compilation
  5. Pin-Out File
  6. Fitter Resource Usage Summary
  7. Input Pins
  8. Output Pins
  9. Bidir Pins
 10. I/O Bank Usage
 11. All Package Pins
 12. Output Pin Default Load For Reported TCO
 13. Fitter Resource Utilization by Entity
 14. Delay Chain Summary
 15. Control Signals
 16. Global & Other Fast Signals
 17. Non-Global High Fan-Out Signals
 18. Other Routing Usage Summary
 19. LAB Logic Elements
 20. LAB-wide Signals
 21. LAB Signals Sourced
 22. LAB Signals Sourced Out
 23. LAB Distinct Inputs
 24. Fitter Device Options
 25. Estimated Delay Added for Hold Timing Summary
 26. Estimated Delay Added for Hold Timing Details
 27. Fitter Messages
 28. Fitter Suppressed Messages



----------------
; Legal Notice ;
----------------
Copyright (C) 1991-2013 Altera Corporation
Your use of Altera Corporation's design tools, logic functions 
and other software and tools, and its AMPP partner logic 
functions, and any output files from any of the foregoing 
(including device programming or simulation files), and any 
associated documentation or information are expressly subject 
to the terms and conditions of the Altera Program License 
Subscription Agreement, Altera MegaCore Function License 
Agreement, or other applicable license agreement, including, 
without limitation, that your use is for the sole purpose of 
programming logic devices manufactured by Altera and sold by 
Altera or its authorized distributors.  Please refer to the 
applicable agreement for further details.



+------------------------------------------------------------------------------+
; Fitter Summary                                                               ;
+---------------------------+--------------------------------------------------+
; Fitter Status             ; Successful - Thu Jul 02 16:43:51 2015            ;
; Quartus II 64-Bit Version ; 13.0.1 Build 232 06/12/2013 SP 1 SJ Full Version ;
; Revision Name             ; TFTKEYSTM32                                      ;
; Top-level Entity Name     ; TFTKEYSTM32                                      ;
; Family                    ; MAX II                                           ;
; Device                    ; EPM240T100C5                                     ;
; Timing Models             ; Final                                            ;
; Total logic elements      ; 55 / 240 ( 23 % )                                ;
; Total pins                ; 53 / 80 ( 66 % )                                 ;
; Total virtual pins        ; 0                                                ;
; UFM blocks                ; 0 / 1 ( 0 % )                                    ;
+---------------------------+--------------------------------------------------+


+----------------------------------------------------------------------------------------------------------------------------------------------+
; Fitter Settings                                                                                                                              ;
+----------------------------------------------------------------------------+--------------------------------+--------------------------------+
; Option                                                                     ; Setting                        ; Default Value                  ;
+----------------------------------------------------------------------------+--------------------------------+--------------------------------+
; Device                                                                     ; EPM240T100C5                   ;                                ;
; Minimum Core Junction Temperature                                          ; 0                              ;                                ;
; Maximum Core Junction Temperature                                          ; 85                             ;                                ;
; Fit Attempts to Skip                                                       ; 0                              ; 0.0                            ;
; Device I/O Standard                                                        ; 3.3-V LVTTL                    ;                                ;
; Use smart compilation                                                      ; Off                            ; Off                            ;
; Enable parallel Assembler and TimeQuest Timing Analyzer during compilation ; On                             ; On                             ;
; Enable compact report table                                                ; Off                            ; Off                            ;
; Router Timing Optimization Level                                           ; Normal                         ; Normal                         ;
; Placement Effort Multiplier                                                ; 1.0                            ; 1.0                            ;
; Router Effort Multiplier                                                   ; 1.0                            ; 1.0                            ;
; Always Enable Input Buffers                                                ; Off                            ; Off                            ;
; Optimize Hold Timing                                                       ; IO Paths and Minimum TPD Paths ; IO Paths and Minimum TPD Paths ;
; Optimize Multi-Corner Timing                                               ; Off                            ; Off                            ;
; Guarantee I/O Paths Have Zero Hold Time at Fast Corner                     ; On                             ; On                             ;
; PowerPlay Power Optimization                                               ; Normal compilation             ; Normal compilation             ;
; Optimize Timing                                                            ; Normal compilation             ; Normal compilation             ;
; Optimize Timing for ECOs                                                   ; Off                            ; Off                            ;
; Regenerate full fit report during ECO compiles                             ; Off                            ; Off                            ;
; Optimize IOC Register Placement for Timing                                 ; Normal                         ; Normal                         ;
; Limit to One Fitting Attempt                                               ; Off                            ; Off                            ;
; Final Placement Optimizations                                              ; Automatically                  ; Automatically                  ;
; Fitter Aggressive Routability Optimizations                                ; Automatically                  ; Automatically                  ;
; Fitter Initial Placement Seed                                              ; 1                              ; 1                              ;
; Slow Slew Rate                                                             ; Off                            ; Off                            ;
; PCI I/O                                                                    ; Off                            ; Off                            ;
; Weak Pull-Up Resistor                                                      ; Off                            ; Off                            ;
; Enable Bus-Hold Circuitry                                                  ; Off                            ; Off                            ;
; Auto Delay Chains                                                          ; On                             ; On                             ;
; Auto Delay Chains for High Fanout Input Pins                               ; Off                            ; Off                            ;
; Perform Physical Synthesis for Combinational Logic for Performance         ; Off                            ; Off                            ;
; Perform Register Duplication for Performance                               ; Off                            ; Off                            ;
; Perform Register Retiming for Performance                                  ; Off                            ; Off                            ;
; Perform Asynchronous Signal Pipelining                                     ; Off                            ; Off                            ;
; Fitter Effort                                                              ; Auto Fit                       ; Auto Fit                       ;
; Physical Synthesis Effort Level                                            ; Normal                         ; Normal                         ;
; Logic Cell Insertion - Logic Duplication                                   ; Auto                           ; Auto                           ;
; Auto Register Duplication                                                  ; Auto                           ; Auto                           ;
; Auto Global Clock                                                          ; On                             ; On                             ;
; Auto Global Register Control Signals                                       ; On                             ; On                             ;
; Force Fitter to Avoid Periphery Placement Warnings                         ; Off                            ; Off                            ;
+----------------------------------------------------------------------------+--------------------------------+--------------------------------+


+------------------------------------------+
; Parallel Compilation                     ;
+----------------------------+-------------+
; Processors                 ; Number      ;
+----------------------------+-------------+
; Number detected on machine ; 4           ;
; Maximum allowed            ; 2           ;
;                            ;             ;
; Average used               ; 1.00        ;
; Maximum used               ; 2           ;
;                            ;             ;
; Usage by Processor         ; % Time Used ;
;     Processor 1            ; 100.0%      ;
;     Processor 2            ; < 0.1%      ;
;     Processors 3-4         ;   0.0%      ;
+----------------------------+-------------+


+--------------+
; Pin-Out File ;
+--------------+
The pin-out file can be found in E:/WORKSPACE/STM32F4/STM32F4xx_DSP_StdPeriph_Lib_V1.3.0/Project/FPGA/TFTKEYSTM32B2(sameRS) (F4)/TFTKEYSTM32.pin.


+-----------------------------------------------------------------+
; Fitter Resource Usage Summary                                   ;
+---------------------------------------------+-------------------+
; Resource                                    ; Usage             ;
+---------------------------------------------+-------------------+
; Total logic elements                        ; 55 / 240 ( 23 % ) ;
;     -- Combinational with no register       ; 27                ;
;     -- Register only                        ; 1                 ;
;     -- Combinational with a register        ; 27                ;
;                                             ;                   ;
; Logic element usage by number of LUT inputs ;                   ;
;     -- 4 input functions                    ; 20                ;
;     -- 3 input functions                    ; 6                 ;
;     -- 2 input functions                    ; 26                ;
;     -- 1 input functions                    ; 2                 ;
;     -- 0 input functions                    ; 0                 ;
;                                             ;                   ;
; Logic elements by mode                      ;                   ;
;     -- normal mode                          ; 39                ;
;     -- arithmetic mode                      ; 16                ;
;     -- qfbk mode                            ; 2                 ;
;     -- register cascade mode                ; 0                 ;
;     -- synchronous clear/load mode          ; 11                ;
;     -- asynchronous clear/load mode         ; 0                 ;
;                                             ;                   ;
; Total registers                             ; 28 / 240 ( 12 % ) ;
; Total LABs                                  ; 7 / 24 ( 29 % )   ;
; Logic elements in carry chains              ; 18                ;
; Virtual pins                                ; 0                 ;
; I/O pins                                    ; 53 / 80 ( 66 % )  ;
;     -- Clock pins                           ; 0 / 4 ( 0 % )     ;
;                                             ;                   ;
; Global signals                              ; 4                 ;
; UFM blocks                                  ; 0 / 1 ( 0 % )     ;
; Global clocks                               ; 4 / 4 ( 100 % )   ;
; JTAGs                                       ; 0 / 1 ( 0 % )     ;
; Average interconnect usage (total/H/V)      ; 10% / 10% / 10%   ;
; Peak interconnect usage (total/H/V)         ; 10% / 10% / 10%   ;
; Maximum fan-out                             ; 16                ;
; Highest non-global fan-out                  ; 16                ;
; Total fan-out                               ; 262               ;
; Average fan-out                             ; 2.43              ;
+---------------------------------------------+-------------------+


+-------------------------------------------------------------------------------------------------------------------------------------------------------------------------------------------------------------+
; Input Pins                                                                                                                                                                                                  ;
+------+-------+----------+--------------+--------------+-------------+-----------------------+--------------------+--------+-----------------+----------+--------------+--------------+----------------------+
; Name ; Pin # ; I/O Bank ; X coordinate ; Y coordinate ; Cell number ; Combinational Fan-Out ; Registered Fan-Out ; Global ; PCI I/O Enabled ; Bus Hold ; Weak Pull Up ; I/O Standard ; Location assigned by ;
+------+-------+----------+--------------+--------------+-------------+-----------------------+--------------------+--------+-----------------+----------+--------------+--------------+----------------------+
; A16  ; 41    ; 1        ; 5            ; 0            ; 1           ; 3                     ; 0                  ; no     ; no              ; no       ; Off          ; 3.3-V LVTTL  ; User                 ;
; IN1  ; 66    ; 2        ; 8            ; 3            ; 3           ; 12                    ; 0                  ; yes    ; no              ; no       ; Off          ; 3.3-V LVTTL  ; User                 ;
; NADV ; 50    ; 1        ; 7            ; 0            ; 1           ; 3                     ; 0                  ; yes    ; no              ; no       ; Off          ; 3.3-V LVTTL  ; User                 ;
; NOE  ; 48    ; 1        ; 6            ; 0            ; 0           ; 7                     ; 0                  ; no     ; no              ; no       ; Off          ; 3.3-V LVTTL  ; User                 ;
; NWE  ; 49    ; 1        ; 7            ; 0            ; 2           ; 2                     ; 0                  ; no     ; no              ; no       ; Off          ; 3.3-V LVTTL  ; User                 ;
; X0   ; 53    ; 2        ; 8            ; 1            ; 3           ; 3                     ; 0                  ; no     ; no              ; no       ; Off          ; 3.3-V LVTTL  ; User                 ;
; X1   ; 54    ; 2        ; 8            ; 1            ; 2           ; 3                     ; 0                  ; no     ; no              ; no       ; Off          ; 3.3-V LVTTL  ; User                 ;
; X2   ; 55    ; 2        ; 8            ; 1            ; 1           ; 3                     ; 0                  ; no     ; no              ; no       ; Off          ; 3.3-V LVTTL  ; User                 ;
; X3   ; 56    ; 2        ; 8            ; 1            ; 0           ; 3                     ; 0                  ; no     ; no              ; no       ; Off          ; 3.3-V LVTTL  ; User                 ;
+------+-------+----------+--------------+--------------+-------------+-----------------------+--------------------+--------+-----------------+----------+--------------+--------------+----------------------+


+--------------------------------------------------------------------------------------------------------------------------------------------------------------------------------------------------------------------------------------------------------------------------------------------------------------------------+
; Output Pins                                                                                                                                                                                                                                                                                                              ;
+--------+-------+----------+--------------+--------------+-------------+-----------------+----------------+-----------------+------------+---------------+----------+--------------+--------------+------------------+------------------------+----------------------+-------+----------------------+---------------------+
; Name   ; Pin # ; I/O Bank ; X coordinate ; Y coordinate ; Cell number ; Output Register ; Slow Slew Rate ; PCI I/O Enabled ; Open Drain ; TRI Primitive ; Bus Hold ; Weak Pull Up ; I/O Standard ; Current Strength ; Fast Output Connection ; Location assigned by ; Load  ; Output Enable Source ; Output Enable Group ;
+--------+-------+----------+--------------+--------------+-------------+-----------------+----------------+-----------------+------------+---------------+----------+--------------+--------------+------------------+------------------------+----------------------+-------+----------------------+---------------------+
; DAV    ; 26    ; 1        ; 2            ; 0            ; 3           ; no              ; no             ; no              ; no         ; no            ; no       ; Off          ; 3.3-V LVTTL  ; 16mA             ; no                     ; User                 ; 10 pF ; -                    ; -                   ;
; OUT1   ; 71    ; 2        ; 8            ; 4            ; 3           ; no              ; no             ; no              ; no         ; no            ; no       ; Off          ; 3.3-V LVTTL  ; 16mA             ; no                     ; User                 ; 10 pF ; -                    ; -                   ;
; OUT2   ; 75    ; 2        ; 7            ; 5            ; 0           ; no              ; no             ; no              ; no         ; no            ; no       ; Off          ; 3.3-V LVTTL  ; 16mA             ; no                     ; User                 ; 10 pF ; -                    ; -                   ;
; RS     ; 99    ; 2        ; 2            ; 5            ; 1           ; no              ; no             ; no              ; no         ; yes           ; no       ; Off          ; 3.3-V LVTTL  ; 16mA             ; no                     ; User                 ; 10 pF ; -                    ; -                   ;
; TFTCS  ; 100   ; 2        ; 2            ; 5            ; 2           ; no              ; no             ; no              ; no         ; no            ; no       ; Off          ; 3.3-V LVTTL  ; 16mA             ; no                     ; User                 ; 10 pF ; -                    ; -                   ;
; TFTRD  ; 97    ; 2        ; 3            ; 5            ; 3           ; no              ; no             ; no              ; no         ; no            ; no       ; Off          ; 3.3-V LVTTL  ; 16mA             ; no                     ; User                 ; 10 pF ; -                    ; -                   ;
; TFTRST ; 96    ; 2        ; 3            ; 5            ; 2           ; no              ; no             ; no              ; no         ; no            ; no       ; Off          ; 3.3-V LVTTL  ; 16mA             ; no                     ; User                 ; 10 pF ; -                    ; -                   ;
; TFTWR  ; 98    ; 2        ; 2            ; 5            ; 0           ; no              ; no             ; no              ; no         ; no            ; no       ; Off          ; 3.3-V LVTTL  ; 16mA             ; no                     ; User                 ; 10 pF ; -                    ; -                   ;
; Y[0]   ; 58    ; 2        ; 8            ; 2            ; 2           ; no              ; no             ; no              ; no         ; no            ; no       ; Off          ; 3.3-V LVTTL  ; 16mA             ; no                     ; User                 ; 10 pF ; -                    ; -                   ;
; Y[1]   ; 57    ; 2        ; 8            ; 2            ; 3           ; no              ; no             ; no              ; no         ; no            ; no       ; Off          ; 3.3-V LVTTL  ; 16mA             ; no                     ; User                 ; 10 pF ; -                    ; -                   ;
; Y[2]   ; 52    ; 2        ; 8            ; 1            ; 4           ; no              ; no             ; no              ; no         ; no            ; no       ; Off          ; 3.3-V LVTTL  ; 16mA             ; no                     ; User                 ; 10 pF ; -                    ; -                   ;
; Y[3]   ; 51    ; 1        ; 7            ; 0            ; 0           ; no              ; no             ; no              ; no         ; no            ; no       ; Off          ; 3.3-V LVTTL  ; 16mA             ; no                     ; User                 ; 10 pF ; -                    ; -                   ;
+--------+-------+----------+--------------+--------------+-------------+-----------------+----------------+-----------------+------------+---------------+----------+--------------+--------------+------------------+------------------------+----------------------+-------+----------------------+---------------------+


+----------------------------------------------------------------------------------------------------------------------------------------------------------------------------------------------------------------------------------------------------------------------------------------------------------------------------------------------------------------+
; Bidir Pins                                                                                                                                                                                                                                                                                                                                                     ;
+--------+-------+----------+--------------+--------------+-------------+-----------------------+--------------------+--------+-----------------+----------------+-----------------+------------+----------+--------------+--------------+------------------+------------------------+----------------------+-------+----------------------+---------------------+
; Name   ; Pin # ; I/O Bank ; X coordinate ; Y coordinate ; Cell number ; Combinational Fan-Out ; Registered Fan-Out ; Global ; Output Register ; Slow Slew Rate ; PCI I/O Enabled ; Open Drain ; Bus Hold ; Weak Pull Up ; I/O Standard ; Current Strength ; Fast Output Connection ; Location assigned by ; Load  ; Output Enable Source ; Output Enable Group ;
+--------+-------+----------+--------------+--------------+-------------+-----------------------+--------------------+--------+-----------------+----------------+-----------------+------------+----------+--------------+--------------+------------------+------------------------+----------------------+-------+----------------------+---------------------+
; DA[0]  ; 42    ; 1        ; 5            ; 0            ; 0           ; 2                     ; 0                  ; no     ; no              ; no             ; no              ; no         ; no       ; Off          ; 3.3-V LVTTL  ; 16mA             ; yes                    ; User                 ; 10 pF ; TS16:inst4|do[3]~5   ; -                   ;
; DA[10] ; 35    ; 1        ; 3            ; 0            ; 0           ; 3                     ; 0                  ; no     ; no              ; no             ; no              ; no         ; no       ; Off          ; 3.3-V LVTTL  ; 16mA             ; no                     ; User                 ; 10 pF ; inst15               ; -                   ;
; DA[11] ; 36    ; 1        ; 4            ; 0            ; 2           ; 2                     ; 0                  ; no     ; no              ; no             ; no              ; no         ; no       ; Off          ; 3.3-V LVTTL  ; 16mA             ; yes                    ; User                 ; 10 pF ; inst15               ; -                   ;
; DA[12] ; 37    ; 1        ; 4            ; 0            ; 1           ; 2                     ; 0                  ; no     ; no              ; no             ; no              ; no         ; no       ; Off          ; 3.3-V LVTTL  ; 16mA             ; yes                    ; User                 ; 10 pF ; inst15               ; -                   ;
; DA[13] ; 38    ; 1        ; 4            ; 0            ; 0           ; 2                     ; 0                  ; no     ; no              ; no             ; no              ; no         ; no       ; Off          ; 3.3-V LVTTL  ; 16mA             ; yes                    ; User                 ; 10 pF ; inst15               ; -                   ;
; DA[14] ; 39    ; 1        ; 5            ; 0            ; 3           ; 2                     ; 0                  ; no     ; no              ; no             ; no              ; no         ; no       ; Off          ; 3.3-V LVTTL  ; 16mA             ; no                     ; User                 ; 10 pF ; inst15               ; -                   ;
; DA[15] ; 40    ; 1        ; 5            ; 0            ; 2           ; 3                     ; 0                  ; no     ; no              ; no             ; no              ; no         ; no       ; Off          ; 3.3-V LVTTL  ; 16mA             ; no                     ; User                 ; 10 pF ; inst15               ; -                   ;
; DA[1]  ; 43    ; 1        ; 6            ; 0            ; 3           ; 4                     ; 0                  ; no     ; no              ; no             ; no              ; no         ; no       ; Off          ; 3.3-V LVTTL  ; 16mA             ; yes                    ; User                 ; 10 pF ; TS16:inst4|do[3]~5   ; -                   ;
; DA[2]  ; 44    ; 1        ; 6            ; 0            ; 2           ; 4                     ; 0                  ; no     ; no              ; no             ; no              ; no         ; no       ; Off          ; 3.3-V LVTTL  ; 16mA             ; yes                    ; User                 ; 10 pF ; TS16:inst4|do[3]~5   ; -                   ;
; DA[3]  ; 47    ; 1        ; 6            ; 0            ; 1           ; 1                     ; 0                  ; no     ; no              ; no             ; no              ; no         ; no       ; Off          ; 3.3-V LVTTL  ; 16mA             ; yes                    ; User                 ; 10 pF ; TS16:inst4|do[3]~5   ; -                   ;
; DA[4]  ; 27    ; 1        ; 2            ; 0            ; 2           ; 1                     ; 0                  ; no     ; no              ; no             ; no              ; no         ; no       ; Off          ; 3.3-V LVTTL  ; 16mA             ; no                     ; User                 ; 10 pF ; inst15               ; -                   ;
; DA[5]  ; 28    ; 1        ; 2            ; 0            ; 1           ; 1                     ; 0                  ; no     ; no              ; no             ; no              ; no         ; no       ; Off          ; 3.3-V LVTTL  ; 16mA             ; no                     ; User                 ; 10 pF ; inst15               ; -                   ;
; DA[6]  ; 29    ; 1        ; 2            ; 0            ; 0           ; 2                     ; 0                  ; no     ; no              ; no             ; no              ; no         ; no       ; Off          ; 3.3-V LVTTL  ; 16mA             ; no                     ; User                 ; 10 pF ; inst15               ; -                   ;
; DA[7]  ; 30    ; 1        ; 3            ; 0            ; 3           ; 2                     ; 0                  ; no     ; no              ; no             ; no              ; no         ; no       ; Off          ; 3.3-V LVTTL  ; 16mA             ; no                     ; User                 ; 10 pF ; inst15               ; -                   ;
; DA[8]  ; 33    ; 1        ; 3            ; 0            ; 2           ; 2                     ; 0                  ; no     ; no              ; no             ; no              ; no         ; no       ; Off          ; 3.3-V LVTTL  ; 16mA             ; no                     ; User                 ; 10 pF ; inst15               ; -                   ;
; DA[9]  ; 34    ; 1        ; 3            ; 0            ; 1           ; 2                     ; 0                  ; no     ; no              ; no             ; no              ; no         ; no       ; Off          ; 3.3-V LVTTL  ; 16mA             ; no                     ; User                 ; 10 pF ; inst15               ; -                   ;
; DB[0]  ; 95    ; 2        ; 3            ; 5            ; 1           ; 1                     ; 0                  ; no     ; no              ; no             ; no              ; no         ; no       ; Off          ; 3.3-V LVTTL  ; 16mA             ; no                     ; User                 ; 10 pF ; inst12               ; -                   ;
; DB[10] ; 83    ; 2        ; 6            ; 5            ; 2           ; 0                     ; 0                  ; no     ; no              ; no             ; no              ; no         ; no       ; Off          ; 3.3-V LVTTL  ; 16mA             ; no                     ; User                 ; 10 pF ; -                    ; -                   ;
; DB[11] ; 82    ; 2        ; 6            ; 5            ; 1           ; 0                     ; 0                  ; no     ; no              ; no             ; no              ; no         ; no       ; Off          ; 3.3-V LVTTL  ; 16mA             ; no                     ; User                 ; 10 pF ; -                    ; -                   ;
; DB[12] ; 81    ; 2        ; 6            ; 5            ; 0           ; 0                     ; 0                  ; no     ; no              ; no             ; no              ; no         ; no       ; Off          ; 3.3-V LVTTL  ; 16mA             ; no                     ; User                 ; 10 pF ; -                    ; -                   ;
; DB[13] ; 78    ; 2        ; 7            ; 5            ; 3           ; 0                     ; 0                  ; no     ; no              ; no             ; no              ; no         ; no       ; Off          ; 3.3-V LVTTL  ; 16mA             ; no                     ; User                 ; 10 pF ; -                    ; -                   ;
; DB[14] ; 77    ; 2        ; 7            ; 5            ; 2           ; 0                     ; 0                  ; no     ; no              ; no             ; no              ; no         ; no       ; Off          ; 3.3-V LVTTL  ; 16mA             ; no                     ; User                 ; 10 pF ; -                    ; -                   ;
; DB[15] ; 76    ; 2        ; 7            ; 5            ; 1           ; 0                     ; 0                  ; no     ; no              ; no             ; no              ; no         ; no       ; Off          ; 3.3-V LVTTL  ; 16mA             ; no                     ; User                 ; 10 pF ; -                    ; -                   ;
; DB[1]  ; 92    ; 2        ; 3            ; 5            ; 0           ; 1                     ; 0                  ; no     ; no              ; no             ; no              ; no         ; no       ; Off          ; 3.3-V LVTTL  ; 16mA             ; no                     ; User                 ; 10 pF ; inst12               ; -                   ;
; DB[2]  ; 91    ; 2        ; 4            ; 5            ; 2           ; 1                     ; 0                  ; no     ; no              ; no             ; no              ; no         ; no       ; Off          ; 3.3-V LVTTL  ; 16mA             ; no                     ; User                 ; 10 pF ; inst12               ; -                   ;
; DB[3]  ; 90    ; 2        ; 4            ; 5            ; 1           ; 1                     ; 0                  ; no     ; no              ; no             ; no              ; no         ; no       ; Off          ; 3.3-V LVTTL  ; 16mA             ; no                     ; User                 ; 10 pF ; inst12               ; -                   ;
; DB[4]  ; 89    ; 2        ; 4            ; 5            ; 0           ; 1                     ; 0                  ; no     ; no              ; no             ; no              ; no         ; no       ; Off          ; 3.3-V LVTTL  ; 16mA             ; no                     ; User                 ; 10 pF ; inst12               ; -                   ;
; DB[5]  ; 88    ; 2        ; 5            ; 5            ; 3           ; 2                     ; 0                  ; no     ; no              ; no             ; no              ; no         ; no       ; Off          ; 3.3-V LVTTL  ; 16mA             ; no                     ; User                 ; 10 pF ; inst12               ; -                   ;
; DB[6]  ; 87    ; 2        ; 5            ; 5            ; 2           ; 0                     ; 0                  ; no     ; no              ; no             ; no              ; no         ; no       ; Off          ; 3.3-V LVTTL  ; 16mA             ; no                     ; User                 ; 10 pF ; -                    ; -                   ;
; DB[7]  ; 86    ; 2        ; 5            ; 5            ; 1           ; 0                     ; 0                  ; no     ; no              ; no             ; no              ; no         ; no       ; Off          ; 3.3-V LVTTL  ; 16mA             ; no                     ; User                 ; 10 pF ; -                    ; -                   ;
; DB[8]  ; 85    ; 2        ; 5            ; 5            ; 0           ; 0                     ; 0                  ; no     ; no              ; no             ; no              ; no         ; no       ; Off          ; 3.3-V LVTTL  ; 16mA             ; no                     ; User                 ; 10 pF ; -                    ; -                   ;
; DB[9]  ; 84    ; 2        ; 6            ; 5            ; 3           ; 0                     ; 0                  ; no     ; no              ; no             ; no              ; no         ; no       ; Off          ; 3.3-V LVTTL  ; 16mA             ; no                     ; User                 ; 10 pF ; -                    ; -                   ;
+--------+-------+----------+--------------+--------------+-------------+-----------------------+--------------------+--------+-----------------+----------------+-----------------+------------+----------+--------------+--------------+------------------+------------------------+----------------------+-------+----------------------+---------------------+


+------------------------------------------------------------+
; I/O Bank Usage                                             ;
+----------+------------------+---------------+--------------+
; I/O Bank ; Usage            ; VCCIO Voltage ; VREF Voltage ;
+----------+------------------+---------------+--------------+
; 1        ; 22 / 38 ( 58 % ) ; 3.3V          ; --           ;
; 2        ; 31 / 42 ( 74 % ) ; 3.3V          ; --           ;
+----------+------------------+---------------+--------------+


+------------------------------------------------------------------------------------------------------------------------------------------------+
; All Package Pins                                                                                                                               ;
+----------+------------+----------+----------------+--------+--------------+-----------+------------+-----------------+----------+--------------+
; Location ; Pad Number ; I/O Bank ; Pin Name/Usage ; Dir.   ; I/O Standard ; Voltage   ; I/O Type   ; User Assignment ; Bus Hold ; Weak Pull Up ;
+----------+------------+----------+----------------+--------+--------------+-----------+------------+-----------------+----------+--------------+
; 1        ; 83         ; 2        ; RESERVED_INPUT ;        ;              ;           ; Column I/O ;                 ; no       ; Off          ;
; 2        ; 0          ; 1        ; RESERVED_INPUT ;        ;              ;           ; Row I/O    ;                 ; no       ; Off          ;
; 3        ; 1          ; 1        ; RESERVED_INPUT ;        ;              ;           ; Row I/O    ;                 ; no       ; Off          ;
; 4        ; 2          ; 1        ; RESERVED_INPUT ;        ;              ;           ; Row I/O    ;                 ; no       ; Off          ;
; 5        ; 3          ; 1        ; RESERVED_INPUT ;        ;              ;           ; Row I/O    ;                 ; no       ; Off          ;
; 6        ; 4          ; 1        ; RESERVED_INPUT ;        ;              ;           ; Row I/O    ;                 ; no       ; Off          ;
; 7        ; 5          ; 1        ; RESERVED_INPUT ;        ;              ;           ; Row I/O    ;                 ; no       ; Off          ;
; 8        ; 6          ; 1        ; RESERVED_INPUT ;        ;              ;           ; Row I/O    ;                 ; no       ; Off          ;
; 9        ;            ; 1        ; VCCIO1         ; power  ;              ; 3.3V      ; --         ;                 ; --       ; --           ;
; 10       ;            ;          ; GNDIO          ; gnd    ;              ;           ; --         ;                 ; --       ; --           ;
; 11       ;            ;          ; GNDINT         ; gnd    ;              ;           ; --         ;                 ; --       ; --           ;
; 12       ; 7          ; 1        ; RESERVED_INPUT ;        ;              ;           ; Row I/O    ;                 ; no       ; Off          ;
; 13       ;            ;          ; VCCINT         ; power  ;              ; 2.5V/3.3V ; --         ;                 ; --       ; --           ;
; 14       ; 8          ; 1        ; RESERVED_INPUT ;        ;              ;           ; Row I/O    ;                 ; no       ; Off          ;
; 15       ; 9          ; 1        ; RESERVED_INPUT ;        ;              ;           ; Row I/O    ;                 ; no       ; Off          ;
; 16       ; 10         ; 1        ; RESERVED_INPUT ;        ;              ;           ; Row I/O    ;                 ; no       ; Off          ;
; 17       ; 11         ; 1        ; RESERVED_INPUT ;        ;              ;           ; Row I/O    ;                 ; no       ; Off          ;
; 18       ; 12         ; 1        ; RESERVED_INPUT ;        ;              ;           ; Row I/O    ;                 ; no       ; Off          ;
; 19       ; 13         ; 1        ; RESERVED_INPUT ;        ;              ;           ; Row I/O    ;                 ; no       ; Off          ;
; 20       ; 14         ; 1        ; RESERVED_INPUT ;        ;              ;           ; Row I/O    ;                 ; no       ; Off          ;
; 21       ; 15         ; 1        ; RESERVED_INPUT ;        ;              ;           ; Row I/O    ;                 ; no       ; Off          ;
; 22       ; 16         ; 1        ; #TMS           ; input  ;              ;           ; --         ;                 ; --       ; --           ;
; 23       ; 17         ; 1        ; #TDI           ; input  ;              ;           ; --         ;                 ; --       ; --           ;
; 24       ; 18         ; 1        ; #TCK           ; input  ;              ;           ; --         ;                 ; --       ; --           ;
; 25       ; 19         ; 1        ; #TDO           ; output ;              ;           ; --         ;                 ; --       ; --           ;
; 26       ; 20         ; 1        ; DAV            ; output ; 3.3-V LVTTL  ;           ; Column I/O ; Y               ; no       ; Off          ;
; 27       ; 21         ; 1        ; DA[4]          ; bidir  ; 3.3-V LVTTL  ;           ; Column I/O ; Y               ; no       ; Off          ;
; 28       ; 22         ; 1        ; DA[5]          ; bidir  ; 3.3-V LVTTL  ;           ; Column I/O ; Y               ; no       ; Off          ;
; 29       ; 23         ; 1        ; DA[6]          ; bidir  ; 3.3-V LVTTL  ;           ; Column I/O ; Y               ; no       ; Off          ;
; 30       ; 24         ; 1        ; DA[7]          ; bidir  ; 3.3-V LVTTL  ;           ; Column I/O ; Y               ; no       ; Off          ;
; 31       ;            ; 1        ; VCCIO1         ; power  ;              ; 3.3V      ; --         ;                 ; --       ; --           ;
; 32       ;            ;          ; GNDIO          ; gnd    ;              ;           ; --         ;                 ; --       ; --           ;
; 33       ; 25         ; 1        ; DA[8]          ; bidir  ; 3.3-V LVTTL  ;           ; Column I/O ; Y               ; no       ; Off          ;
; 34       ; 26         ; 1        ; DA[9]          ; bidir  ; 3.3-V LVTTL  ;           ; Column I/O ; Y               ; no       ; Off          ;
; 35       ; 27         ; 1        ; DA[10]         ; bidir  ; 3.3-V LVTTL  ;           ; Column I/O ; Y               ; no       ; Off          ;
; 36       ; 28         ; 1        ; DA[11]         ; bidir  ; 3.3-V LVTTL  ;           ; Column I/O ; Y               ; no       ; Off          ;
; 37       ; 29         ; 1        ; DA[12]         ; bidir  ; 3.3-V LVTTL  ;           ; Column I/O ; Y               ; no       ; Off          ;
; 38       ; 30         ; 1        ; DA[13]         ; bidir  ; 3.3-V LVTTL  ;           ; Column I/O ; Y               ; no       ; Off          ;
; 39       ; 31         ; 1        ; DA[14]         ; bidir  ; 3.3-V LVTTL  ;           ; Column I/O ; Y               ; no       ; Off          ;
; 40       ; 32         ; 1        ; DA[15]         ; bidir  ; 3.3-V LVTTL  ;           ; Column I/O ; Y               ; no       ; Off          ;
; 41       ; 33         ; 1        ; A16            ; input  ; 3.3-V LVTTL  ;           ; Column I/O ; Y               ; no       ; Off          ;
; 42       ; 34         ; 1        ; DA[0]          ; bidir  ; 3.3-V LVTTL  ;           ; Column I/O ; Y               ; no       ; Off          ;
; 43       ; 35         ; 1        ; DA[1]          ; bidir  ; 3.3-V LVTTL  ;           ; Column I/O ; Y               ; no       ; Off          ;
; 44       ; 36         ; 1        ; DA[2]          ; bidir  ; 3.3-V LVTTL  ;           ; Column I/O ; Y               ; no       ; Off          ;
; 45       ;            ; 1        ; VCCIO1         ; power  ;              ; 3.3V      ; --         ;                 ; --       ; --           ;
; 46       ;            ;          ; GNDIO          ; gnd    ;              ;           ; --         ;                 ; --       ; --           ;
; 47       ; 37         ; 1        ; DA[3]          ; bidir  ; 3.3-V LVTTL  ;           ; Column I/O ; Y               ; no       ; Off          ;
; 48       ; 38         ; 1        ; NOE            ; input  ; 3.3-V LVTTL  ;           ; Column I/O ; Y               ; no       ; Off          ;
; 49       ; 39         ; 1        ; NWE            ; input  ; 3.3-V LVTTL  ;           ; Column I/O ; Y               ; no       ; Off          ;
; 50       ; 40         ; 1        ; NADV           ; input  ; 3.3-V LVTTL  ;           ; Column I/O ; Y               ; no       ; Off          ;
; 51       ; 41         ; 1        ; Y[3]           ; output ; 3.3-V LVTTL  ;           ; Column I/O ; Y               ; no       ; Off          ;
; 52       ; 42         ; 2        ; Y[2]           ; output ; 3.3-V LVTTL  ;           ; Row I/O    ; Y               ; no       ; Off          ;
; 53       ; 43         ; 2        ; X0             ; input  ; 3.3-V LVTTL  ;           ; Row I/O    ; Y               ; no       ; Off          ;
; 54       ; 44         ; 2        ; X1             ; input  ; 3.3-V LVTTL  ;           ; Row I/O    ; Y               ; no       ; Off          ;
; 55       ; 45         ; 2        ; X2             ; input  ; 3.3-V LVTTL  ;           ; Row I/O    ; Y               ; no       ; Off          ;
; 56       ; 46         ; 2        ; X3             ; input  ; 3.3-V LVTTL  ;           ; Row I/O    ; Y               ; no       ; Off          ;
; 57       ; 47         ; 2        ; Y[1]           ; output ; 3.3-V LVTTL  ;           ; Row I/O    ; Y               ; no       ; Off          ;
; 58       ; 48         ; 2        ; Y[0]           ; output ; 3.3-V LVTTL  ;           ; Row I/O    ; Y               ; no       ; Off          ;
; 59       ;            ; 2        ; VCCIO2         ; power  ;              ; 3.3V      ; --         ;                 ; --       ; --           ;
; 60       ;            ;          ; GNDIO          ; gnd    ;              ;           ; --         ;                 ; --       ; --           ;
; 61       ; 49         ; 2        ; RESERVED_INPUT ;        ;              ;           ; Row I/O    ;                 ; no       ; Off          ;
; 62       ; 50         ; 2        ; RESERVED_INPUT ;        ;              ;           ; Row I/O    ;                 ; no       ; Off          ;
; 63       ;            ;          ; VCCINT         ; power  ;              ; 2.5V/3.3V ; --         ;                 ; --       ; --           ;
; 64       ; 51         ; 2        ; RESERVED_INPUT ;        ;              ;           ; Row I/O    ;                 ; no       ; Off          ;
; 65       ;            ;          ; GNDINT         ; gnd    ;              ;           ; --         ;                 ; --       ; --           ;
; 66       ; 52         ; 2        ; IN1            ; input  ; 3.3-V LVTTL  ;           ; Row I/O    ; Y               ; no       ; Off          ;
; 67       ; 53         ; 2        ; RESERVED_INPUT ;        ;              ;           ; Row I/O    ;                 ; no       ; Off          ;
; 68       ; 54         ; 2        ; RESERVED_INPUT ;        ;              ;           ; Row I/O    ;                 ; no       ; Off          ;
; 69       ; 55         ; 2        ; RESERVED_INPUT ;        ;              ;           ; Row I/O    ;                 ; no       ; Off          ;
; 70       ; 56         ; 2        ; RESERVED_INPUT ;        ;              ;           ; Row I/O    ;                 ; no       ; Off          ;
; 71       ; 57         ; 2        ; OUT1           ; output ; 3.3-V LVTTL  ;           ; Row I/O    ; Y               ; no       ; Off          ;
; 72       ; 58         ; 2        ; RESERVED_INPUT ;        ;              ;           ; Row I/O    ;                 ; no       ; Off          ;
; 73       ; 59         ; 2        ; RESERVED_INPUT ;        ;              ;           ; Row I/O    ;                 ; no       ; Off          ;
; 74       ; 60         ; 2        ; RESERVED_INPUT ;        ;              ;           ; Row I/O    ;                 ; no       ; Off          ;
; 75       ; 61         ; 2        ; OUT2           ; output ; 3.3-V LVTTL  ;           ; Column I/O ; Y               ; no       ; Off          ;
; 76       ; 62         ; 2        ; DB[15]         ; bidir  ; 3.3-V LVTTL  ;           ; Column I/O ; Y               ; no       ; Off          ;
; 77       ; 63         ; 2        ; DB[14]         ; bidir  ; 3.3-V LVTTL  ;           ; Column I/O ; Y               ; no       ; Off          ;
; 78       ; 64         ; 2        ; DB[13]         ; bidir  ; 3.3-V LVTTL  ;           ; Column I/O ; Y               ; no       ; Off          ;
; 79       ;            ;          ; GNDIO          ; gnd    ;              ;           ; --         ;                 ; --       ; --           ;
; 80       ;            ; 2        ; VCCIO2         ; power  ;              ; 3.3V      ; --         ;                 ; --       ; --           ;
; 81       ; 65         ; 2        ; DB[12]         ; bidir  ; 3.3-V LVTTL  ;           ; Column I/O ; Y               ; no       ; Off          ;
; 82       ; 66         ; 2        ; DB[11]         ; bidir  ; 3.3-V LVTTL  ;           ; Column I/O ; Y               ; no       ; Off          ;
; 83       ; 67         ; 2        ; DB[10]         ; bidir  ; 3.3-V LVTTL  ;           ; Column I/O ; Y               ; no       ; Off          ;
; 84       ; 68         ; 2        ; DB[9]          ; bidir  ; 3.3-V LVTTL  ;           ; Column I/O ; Y               ; no       ; Off          ;
; 85       ; 69         ; 2        ; DB[8]          ; bidir  ; 3.3-V LVTTL  ;           ; Column I/O ; Y               ; no       ; Off          ;
; 86       ; 70         ; 2        ; DB[7]          ; bidir  ; 3.3-V LVTTL  ;           ; Column I/O ; Y               ; no       ; Off          ;
; 87       ; 71         ; 2        ; DB[6]          ; bidir  ; 3.3-V LVTTL  ;           ; Column I/O ; Y               ; no       ; Off          ;
; 88       ; 72         ; 2        ; DB[5]          ; bidir  ; 3.3-V LVTTL  ;           ; Column I/O ; Y               ; no       ; Off          ;
; 89       ; 73         ; 2        ; DB[4]          ; bidir  ; 3.3-V LVTTL  ;           ; Column I/O ; Y               ; no       ; Off          ;
; 90       ; 74         ; 2        ; DB[3]          ; bidir  ; 3.3-V LVTTL  ;           ; Column I/O ; Y               ; no       ; Off          ;
; 91       ; 75         ; 2        ; DB[2]          ; bidir  ; 3.3-V LVTTL  ;           ; Column I/O ; Y               ; no       ; Off          ;
; 92       ; 76         ; 2        ; DB[1]          ; bidir  ; 3.3-V LVTTL  ;           ; Column I/O ; Y               ; no       ; Off          ;
; 93       ;            ;          ; GNDIO          ; gnd    ;              ;           ; --         ;                 ; --       ; --           ;
; 94       ;            ; 2        ; VCCIO2         ; power  ;              ; 3.3V      ; --         ;                 ; --       ; --           ;
; 95       ; 77         ; 2        ; DB[0]          ; bidir  ; 3.3-V LVTTL  ;           ; Column I/O ; Y               ; no       ; Off          ;
; 96       ; 78         ; 2        ; TFTRST         ; output ; 3.3-V LVTTL  ;           ; Column I/O ; Y               ; no       ; Off          ;
; 97       ; 79         ; 2        ; TFTRD          ; output ; 3.3-V LVTTL  ;           ; Column I/O ; Y               ; no       ; Off          ;
; 98       ; 80         ; 2        ; TFTWR          ; output ; 3.3-V LVTTL  ;           ; Column I/O ; Y               ; no       ; Off          ;
; 99       ; 81         ; 2        ; RS             ; output ; 3.3-V LVTTL  ;           ; Column I/O ; Y               ; no       ; Off          ;
; 100      ; 82         ; 2        ; TFTCS          ; output ; 3.3-V LVTTL  ;           ; Column I/O ; Y               ; no       ; Off          ;
+----------+------------+----------+----------------+--------+--------------+-----------+------------+-----------------+----------+--------------+
Note: Pin directions (input, output or bidir) are based on device operating in user mode.


+-------------------------------------------------------------+
; Output Pin Default Load For Reported TCO                    ;
+----------------------------+-------+------------------------+
; I/O Standard               ; Load  ; Termination Resistance ;
+----------------------------+-------+------------------------+
; 3.3-V LVTTL                ; 10 pF ; Not Available          ;
; 3.3-V LVCMOS               ; 10 pF ; Not Available          ;
; 2.5 V                      ; 10 pF ; Not Available          ;
; 1.8 V                      ; 10 pF ; Not Available          ;
; 1.5 V                      ; 10 pF ; Not Available          ;
; 3.3V Schmitt Trigger Input ; 10 pF ; Not Available          ;
; 2.5V Schmitt Trigger Input ; 10 pF ; Not Available          ;
+----------------------------+-------+------------------------+
Note: User assignments will override these defaults. The user specified values are listed in the Output Pins and Bidir Pins tables.


+---------------------------------------------------------------------------------------------------------------------------------------------------------------------------------------------------------------------------------------+
; Fitter Resource Utilization by Entity                                                                                                                                                                                                 ;
+-----------------------------+-------------+--------------+------------+------+--------------+--------------+-------------------+------------------+-----------------+------------+-------------------------------------+--------------+
; Compilation Hierarchy Node  ; Logic Cells ; LC Registers ; UFM Blocks ; Pins ; Virtual Pins ; LUT-Only LCs ; Register-Only LCs ; LUT/Register LCs ; Carry Chain LCs ; Packed LCs ; Full Hierarchy Name                 ; Library Name ;
+-----------------------------+-------------+--------------+------------+------+--------------+--------------+-------------------+------------------+-----------------+------------+-------------------------------------+--------------+
; |TFTKEYSTM32                ; 55 (6)      ; 28           ; 0          ; 53   ; 0            ; 27 (5)       ; 1 (1)             ; 27 (0)           ; 18 (0)          ; 2 (0)      ; |TFTKEYSTM32                        ; work         ;
;    |CMD_DATA_SELECT:inst19| ; 11 (11)     ; 0            ; 0          ; 0    ; 0            ; 11 (11)      ; 0 (0)             ; 0 (0)            ; 0 (0)           ; 0 (0)      ; |TFTKEYSTM32|CMD_DATA_SELECT:inst19 ; work         ;
;    |CNT16A:inst7|           ; 11 (11)     ; 8            ; 0          ; 0    ; 0            ; 3 (3)        ; 0 (0)             ; 8 (8)            ; 8 (8)           ; 0 (0)      ; |TFTKEYSTM32|CNT16A:inst7           ; work         ;
;    |CNT4A:inst13|           ; 2 (2)       ; 2            ; 0          ; 0    ; 0            ; 0 (0)        ; 0 (0)             ; 2 (2)            ; 0 (0)           ; 0 (0)      ; |TFTKEYSTM32|CNT4A:inst13           ; work         ;
;    |DECODE:inst14|          ; 4 (4)       ; 0            ; 0          ; 0    ; 0            ; 4 (4)        ; 0 (0)             ; 0 (0)            ; 0 (0)           ; 0 (0)      ; |TFTKEYSTM32|DECODE:inst14          ; work         ;
;    |ENCODE:inst2|           ; 1 (1)       ; 0            ; 0          ; 0    ; 0            ; 1 (1)        ; 0 (0)             ; 0 (0)            ; 0 (0)           ; 0 (0)      ; |TFTKEYSTM32|ENCODE:inst2           ; work         ;
;    |FREDIV:inst11|          ; 10 (10)     ; 10           ; 0          ; 0    ; 0            ; 0 (0)        ; 0 (0)             ; 10 (10)          ; 10 (10)         ; 0 (0)      ; |TFTKEYSTM32|FREDIV:inst11          ; work         ;
;    |REG4:inst16|            ; 4 (4)       ; 4            ; 0          ; 0    ; 0            ; 0 (0)        ; 0 (0)             ; 4 (4)            ; 0 (0)           ; 0 (0)      ; |TFTKEYSTM32|REG4:inst16            ; work         ;
;    |TEST:inst23|            ; 3 (3)       ; 3            ; 0          ; 0    ; 0            ; 0 (0)        ; 0 (0)             ; 3 (3)            ; 0 (0)           ; 0 (0)      ; |TFTKEYSTM32|TEST:inst23            ; work         ;
;    |TS16:inst4|             ; 3 (3)       ; 0            ; 0          ; 0    ; 0            ; 3 (3)        ; 0 (0)             ; 0 (0)            ; 0 (0)           ; 2 (2)      ; |TFTKEYSTM32|TS16:inst4             ; work         ;
+-----------------------------+-------------+--------------+------------+------+--------------+--------------+-------------------+------------------+-----------------+------------+-------------------------------------+--------------+
Note: For table entries with two numbers listed, the numbers in parentheses indicate the number of resources of the given type used by the specific entity alone. The numbers listed outside of parentheses indicate the total resources of the given type used by the specific entity and all of its sub-entities in the hierarchy.


+-----------------------------------+
; Delay Chain Summary               ;
+--------+----------+---------------+
; Name   ; Pin Type ; Pad to Core 0 ;
+--------+----------+---------------+
; NWE    ; Input    ; (0)           ;
; NOE    ; Input    ; (1)           ;
; IN1    ; Input    ; (0)           ;
; A16    ; Input    ; (1)           ;
; NADV   ; Input    ; (0)           ;
; X0     ; Input    ; (1)           ;
; X1     ; Input    ; (1)           ;
; X2     ; Input    ; (1)           ;
; X3     ; Input    ; (1)           ;
; DAV    ; Output   ; --            ;
; RS     ; Output   ; --            ;
; TFTCS  ; Output   ; --            ;
; TFTWR  ; Output   ; --            ;
; TFTRD  ; Output   ; --            ;
; TFTRST ; Output   ; --            ;
; OUT1   ; Output   ; --            ;
; OUT2   ; Output   ; --            ;
; Y[3]   ; Output   ; --            ;
; Y[2]   ; Output   ; --            ;
; Y[1]   ; Output   ; --            ;
; Y[0]   ; Output   ; --            ;
; DA[15] ; Bidir    ; (1)           ;
; DA[14] ; Bidir    ; (1)           ;
; DA[13] ; Bidir    ; (1)           ;
; DA[12] ; Bidir    ; (1)           ;
; DA[11] ; Bidir    ; (1)           ;
; DA[10] ; Bidir    ; (1)           ;
; DA[9]  ; Bidir    ; (1)           ;
; DA[8]  ; Bidir    ; (1)           ;
; DA[7]  ; Bidir    ; (1)           ;
; DA[6]  ; Bidir    ; (1)           ;
; DA[5]  ; Bidir    ; (1)           ;
; DA[4]  ; Bidir    ; (1)           ;
; DA[3]  ; Bidir    ; (1)           ;
; DA[2]  ; Bidir    ; (1)           ;
; DA[1]  ; Bidir    ; (1)           ;
; DA[0]  ; Bidir    ; (1)           ;
; DB[15] ; Bidir    ; (0)           ;
; DB[14] ; Bidir    ; (0)           ;
; DB[13] ; Bidir    ; (0)           ;
; DB[12] ; Bidir    ; (0)           ;
; DB[11] ; Bidir    ; (0)           ;
; DB[10] ; Bidir    ; (0)           ;
; DB[9]  ; Bidir    ; (0)           ;
; DB[8]  ; Bidir    ; (0)           ;
; DB[7]  ; Bidir    ; (0)           ;
; DB[6]  ; Bidir    ; (0)           ;
; DB[5]  ; Bidir    ; (1)           ;
; DB[4]  ; Bidir    ; (1)           ;
; DB[3]  ; Bidir    ; (1)           ;
; DB[2]  ; Bidir    ; (1)           ;
; DB[1]  ; Bidir    ; (1)           ;
; DB[0]  ; Bidir    ; (1)           ;
+--------+----------+---------------+


+-----------------------------------------------------------------------------------------------------------------+
; Control Signals                                                                                                 ;
+----------------------+-------------+---------+---------------+--------+----------------------+------------------+
; Name                 ; Location    ; Fan-Out ; Usage         ; Global ; Global Resource Used ; Global Line Name ;
+----------------------+-------------+---------+---------------+--------+----------------------+------------------+
; CNT16A:inst7|q[7]~16 ; LC_X4_Y2_N9 ; 8       ; Sync. clear   ; no     ; --                   ; --               ;
; FREDIV:inst11|q[9]   ; LC_X2_Y3_N9 ; 11      ; Clock         ; yes    ; Global Clock         ; GCLK1            ;
; IN1                  ; PIN_66      ; 12      ; Clock         ; yes    ; Global Clock         ; GCLK3            ;
; NADV                 ; PIN_50      ; 3       ; Clock         ; yes    ; Global Clock         ; GCLK0            ;
; TS16:inst4|do[3]~5   ; LC_X5_Y1_N0 ; 4       ; Output enable ; no     ; --                   ; --               ;
; inst12               ; LC_X5_Y1_N9 ; 16      ; Output enable ; no     ; --                   ; --               ;
; inst15               ; LC_X5_Y1_N2 ; 16      ; Output enable ; no     ; --                   ; --               ;
; inst3                ; LC_X6_Y2_N5 ; 1       ; Clock         ; no     ; --                   ; --               ;
; rtl~0                ; LC_X3_Y2_N2 ; 6       ; Clock         ; yes    ; Global Clock         ; GCLK2            ;
+----------------------+-------------+---------+---------------+--------+----------------------+------------------+


+--------------------------------------------------------------------------------------+
; Global & Other Fast Signals                                                          ;
+--------------------+-------------+---------+----------------------+------------------+
; Name               ; Location    ; Fan-Out ; Global Resource Used ; Global Line Name ;
+--------------------+-------------+---------+----------------------+------------------+
; FREDIV:inst11|q[9] ; LC_X2_Y3_N9 ; 11      ; Global Clock         ; GCLK1            ;
; IN1                ; PIN_66      ; 12      ; Global Clock         ; GCLK3            ;
; NADV               ; PIN_50      ; 3       ; Global Clock         ; GCLK0            ;
; rtl~0              ; LC_X3_Y2_N2 ; 6       ; Global Clock         ; GCLK2            ;
+--------------------+-------------+---------+----------------------+------------------+


+----------------------------------------------+
; Non-Global High Fan-Out Signals              ;
+------------------------------------+---------+
; Name                               ; Fan-Out ;
+------------------------------------+---------+
; inst15                             ; 16      ;
; inst12                             ; 16      ;
; CMD_DATA_SELECT:inst19|DATA_OUT~17 ; 9       ;
; CNT16A:inst7|q[7]~16               ; 8       ;
; NOE                                ; 7       ;
; CNT4A:inst13|q[0]                  ; 7       ;
; CNT4A:inst13|q[1]                  ; 6       ;
; TEST:inst23|tft_cs                 ; 6       ;
; FREDIV:inst11|q[4]~11              ; 5       ;
; DA~14                              ; 4       ;
; DA~13                              ; 4       ;
; TS16:inst4|do[3]~5                 ; 4       ;
; inst28~0                           ; 4       ;
; DA~5                               ; 3       ;
; DA~0                               ; 3       ;
; X3                                 ; 3       ;
; X2                                 ; 3       ;
; X1                                 ; 3       ;
; X0                                 ; 3       ;
; A16                                ; 3       ;
; ENCODE:inst2|ka~0                  ; 3       ;
; CNT16A:inst7|q[4]~13               ; 3       ;
; CNT16A:inst7|q[6]                  ; 3       ;
; DB~10                              ; 2       ;
; DA~15                              ; 2       ;
; DA~9                               ; 2       ;
; DA~8                               ; 2       ;
; DA~7                               ; 2       ;
; DA~6                               ; 2       ;
; DA~4                               ; 2       ;
; DA~3                               ; 2       ;
; DA~2                               ; 2       ;
; DA~1                               ; 2       ;
; NWE                                ; 2       ;
; CMD_DATA_SELECT:inst19|DATA_OUT~27 ; 2       ;
; TEST:inst23|key_cs                 ; 2       ;
; CMD_DATA_SELECT:inst19|DATA_OUT~26 ; 2       ;
; CMD_DATA_SELECT:inst19|DATA_OUT~25 ; 2       ;
; CMD_DATA_SELECT:inst19|DATA_OUT~24 ; 2       ;
; CMD_DATA_SELECT:inst19|DATA_OUT~23 ; 2       ;
; CMD_DATA_SELECT:inst19|DATA_OUT~22 ; 2       ;
; CMD_DATA_SELECT:inst19|DATA_OUT~21 ; 2       ;
; CMD_DATA_SELECT:inst19|DATA_OUT~20 ; 2       ;
; CMD_DATA_SELECT:inst19|DATA_OUT~19 ; 2       ;
; CMD_DATA_SELECT:inst19|DATA_OUT~18 ; 2       ;
; CNT16A:inst7|q[5]                  ; 2       ;
; CNT16A:inst7|q[4]                  ; 2       ;
; CNT16A:inst7|q[3]                  ; 2       ;
; CNT16A:inst7|q[7]                  ; 2       ;
; CNT16A:inst7|q[2]                  ; 2       ;
; CNT16A:inst7|q[1]                  ; 2       ;
; CNT16A:inst7|q[0]                  ; 2       ;
; DB~15                              ; 1       ;
; DB~14                              ; 1       ;
; DB~13                              ; 1       ;
; DB~12                              ; 1       ;
; DB~11                              ; 1       ;
; DA~12                              ; 1       ;
; DA~11                              ; 1       ;
; DA~10                              ; 1       ;
; FREDIV:inst11|q[0]~19COUT1_30      ; 1       ;
; FREDIV:inst11|q[0]~19              ; 1       ;
; FREDIV:inst11|q[0]                 ; 1       ;
; FREDIV:inst11|q[1]~17COUT1_32      ; 1       ;
; FREDIV:inst11|q[1]~17              ; 1       ;
; FREDIV:inst11|q[1]                 ; 1       ;
; FREDIV:inst11|q[2]~15COUT1_34      ; 1       ;
; FREDIV:inst11|q[2]~15              ; 1       ;
; FREDIV:inst11|q[2]                 ; 1       ;
; FREDIV:inst11|q[3]~13COUT1_36      ; 1       ;
; FREDIV:inst11|q[3]~13              ; 1       ;
; FREDIV:inst11|q[3]                 ; 1       ;
; FREDIV:inst11|q[4]                 ; 1       ;
; FREDIV:inst11|q[5]~9COUT1_38       ; 1       ;
; FREDIV:inst11|q[5]~9               ; 1       ;
; FREDIV:inst11|q[5]                 ; 1       ;
; FREDIV:inst11|q[6]~7COUT1_40       ; 1       ;
; FREDIV:inst11|q[6]~7               ; 1       ;
; FREDIV:inst11|q[6]                 ; 1       ;
; FREDIV:inst11|q[7]~5COUT1_42       ; 1       ;
; FREDIV:inst11|q[7]~5               ; 1       ;
; FREDIV:inst11|q[7]                 ; 1       ;
; TS16:inst4|do[0]~8                 ; 1       ;
; TS16:inst4|do[1]~7                 ; 1       ;
; TS16:inst4|do[2]~6                 ; 1       ;
; REG4:inst16|q_temp[2]              ; 1       ;
; TS16:inst4|do[3]~4                 ; 1       ;
; REG4:inst16|q_temp[3]              ; 1       ;
; FREDIV:inst11|q[8]~3COUT1_44       ; 1       ;
; FREDIV:inst11|q[8]~3               ; 1       ;
; FREDIV:inst11|q[8]                 ; 1       ;
; inst3                              ; 1       ;
; TEST:inst23|rst_cs                 ; 1       ;
; CNT16A:inst7|LessThan0~1           ; 1       ;
; CNT16A:inst7|q[5]~15COUT1_33       ; 1       ;
; CNT16A:inst7|q[5]~15               ; 1       ;
; CNT16A:inst7|q[3]~11COUT1_31       ; 1       ;
; CNT16A:inst7|q[3]~11               ; 1       ;
; CNT16A:inst7|LessThan0~0           ; 1       ;
; CNT16A:inst7|q[2]~7COUT1_29        ; 1       ;
; CNT16A:inst7|q[2]~7                ; 1       ;
; CNT16A:inst7|q[1]~5COUT1_27        ; 1       ;
; CNT16A:inst7|q[1]~5                ; 1       ;
; CNT16A:inst7|q[0]~3COUT1_25        ; 1       ;
; CNT16A:inst7|q[0]~3                ; 1       ;
; CNT16A:inst7|q[6]~1COUT1_35        ; 1       ;
; CNT16A:inst7|q[6]~1                ; 1       ;
; DECODE:inst14|Equal0~0             ; 1       ;
; DECODE:inst14|Equal2~2             ; 1       ;
; DECODE:inst14|Equal2~1             ; 1       ;
; DECODE:inst14|Equal2~0             ; 1       ;
; inst1                              ; 1       ;
+------------------------------------+---------+


+--------------------------------------------------+
; Other Routing Usage Summary                      ;
+-----------------------------+--------------------+
; Other Routing Resource Type ; Usage              ;
+-----------------------------+--------------------+
; C4s                         ; 76 / 784 ( 10 % )  ;
; Direct links                ; 13 / 888 ( 1 % )   ;
; Global clocks               ; 4 / 4 ( 100 % )    ;
; LAB clocks                  ; 7 / 32 ( 22 % )    ;
; LUT chains                  ; 1 / 216 ( < 1 % )  ;
; Local interconnects         ; 103 / 888 ( 12 % ) ;
; R4s                         ; 59 / 704 ( 8 % )   ;
+-----------------------------+--------------------+


+--------------------------------------------------------------------------+
; LAB Logic Elements                                                       ;
+--------------------------------------------+-----------------------------+
; Number of Logic Elements  (Average = 7.86) ; Number of LABs  (Total = 7) ;
+--------------------------------------------+-----------------------------+
; 1                                          ; 0                           ;
; 2                                          ; 1                           ;
; 3                                          ; 0                           ;
; 4                                          ; 0                           ;
; 5                                          ; 1                           ;
; 6                                          ; 0                           ;
; 7                                          ; 0                           ;
; 8                                          ; 1                           ;
; 9                                          ; 0                           ;
; 10                                         ; 4                           ;
+--------------------------------------------+-----------------------------+


+------------------------------------------------------------------+
; LAB-wide Signals                                                 ;
+------------------------------------+-----------------------------+
; LAB-wide Signals  (Average = 0.71) ; Number of LABs  (Total = 7) ;
+------------------------------------+-----------------------------+
; 1 Clock                            ; 3                           ;
; 2 Clocks                           ; 2                           ;
+------------------------------------+-----------------------------+


+---------------------------------------------------------------------------+
; LAB Signals Sourced                                                       ;
+---------------------------------------------+-----------------------------+
; Number of Signals Sourced  (Average = 7.86) ; Number of LABs  (Total = 7) ;
+---------------------------------------------+-----------------------------+
; 0                                           ; 0                           ;
; 1                                           ; 0                           ;
; 2                                           ; 1                           ;
; 3                                           ; 0                           ;
; 4                                           ; 0                           ;
; 5                                           ; 1                           ;
; 6                                           ; 0                           ;
; 7                                           ; 0                           ;
; 8                                           ; 1                           ;
; 9                                           ; 0                           ;
; 10                                          ; 4                           ;
+---------------------------------------------+-----------------------------+


+-------------------------------------------------------------------------------+
; LAB Signals Sourced Out                                                       ;
+-------------------------------------------------+-----------------------------+
; Number of Signals Sourced Out  (Average = 5.14) ; Number of LABs  (Total = 7) ;
+-------------------------------------------------+-----------------------------+
; 0                                               ; 0                           ;
; 1                                               ; 2                           ;
; 2                                               ; 0                           ;
; 3                                               ; 1                           ;
; 4                                               ; 0                           ;
; 5                                               ; 0                           ;
; 6                                               ; 1                           ;
; 7                                               ; 0                           ;
; 8                                               ; 2                           ;
; 9                                               ; 1                           ;
+-------------------------------------------------+-----------------------------+


+---------------------------------------------------------------------------+
; LAB Distinct Inputs                                                       ;
+---------------------------------------------+-----------------------------+
; Number of Distinct Inputs  (Average = 7.43) ; Number of LABs  (Total = 7) ;
+---------------------------------------------+-----------------------------+
; 0                                           ; 0                           ;
; 1                                           ; 1                           ;
; 2                                           ; 0                           ;
; 3                                           ; 1                           ;
; 4                                           ; 0                           ;
; 5                                           ; 0                           ;
; 6                                           ; 1                           ;
; 7                                           ; 0                           ;
; 8                                           ; 1                           ;
; 9                                           ; 0                           ;
; 10                                          ; 0                           ;
; 11                                          ; 2                           ;
; 12                                          ; 1                           ;
+---------------------------------------------+-----------------------------+


+--------------------------------------------------------------------+
; Fitter Device Options                                              ;
+----------------------------------------------+---------------------+
; Option                                       ; Setting             ;
+----------------------------------------------+---------------------+
; Enable user-supplied start-up clock (CLKUSR) ; Off                 ;
; Enable device-wide reset (DEV_CLRn)          ; Off                 ;
; Enable device-wide output enable (DEV_OE)    ; Off                 ;
; Enable INIT_DONE output                      ; Off                 ;
; Configuration scheme                         ; Passive Serial      ;
; Reserve all unused pins                      ; As input tri-stated ;
; Base pin-out file on sameframe device        ; Off                 ;
+----------------------------------------------+---------------------+


+-----------------------------------------------------------------------------------+
; Estimated Delay Added for Hold Timing Summary                                     ;
+--------------------+------------------------------------------+-------------------+
; Source Clock(s)    ; Destination Clock(s)                     ; Delay Added in ns ;
+--------------------+------------------------------------------+-------------------+
; FREDIV:inst11|q[9] ; FREDIV:inst11|q[9],CNT16A:inst7|q[0],I/O ; 3.7               ;
+--------------------+------------------------------------------+-------------------+
Note: For more information on problematic transfers, consider running the Fitter again with the Optimize hold timing option (Settings Menu) turned off.
This will disable optimization of problematic paths and expose them for further analysis using either the TimeQuest Timing Analyzer or the Classic Timing Analyzer.


+------------------------------------------------------------+
; Estimated Delay Added for Hold Timing Details              ;
+-----------------+----------------------+-------------------+
; Source Register ; Destination Register ; Delay Added in ns ;
+-----------------+----------------------+-------------------+
Note: This table only shows the top 0 path(s) that have the largest delay added for hold.


+-----------------+
; Fitter Messages ;
+-----------------+
Info (11104): Parallel Compilation has detected 4 hyper-threaded processors. However, the extra hyper-threaded processors will not be used by default. Parallel Compilation will use 2 of the 2 physical processors detected instead.
Info (119006): Selected device EPM240T100C5 for design "TFTKEYSTM32"
Info (21077): Low junction temperature is 0 degrees C
Info (21077): High junction temperature is 85 degrees C
Info (171003): Fitter is performing an Auto Fit compilation, which may decrease Fitter effort to reduce compilation time
Info (176444): Device migration not selected. If you intend to use device migration later, you may need to change the pin assignments as they may be incompatible with other devices
    Info (176445): Device EPM240T100I5 is compatible
    Info (176445): Device EPM240T100A5 is compatible
    Info (176445): Device EPM570T100C5 is compatible
    Info (176445): Device EPM570T100I5 is compatible
    Info (176445): Device EPM570T100A5 is compatible
Critical Warning (332012): Synopsys Design Constraints File file not found: 'TFTKEYSTM32.sdc'. A Synopsys Design Constraints File is required by the TimeQuest Timing Analyzer to get proper timing constraints. Without it, the Compiler will not properly optimize the design.
Info (332144): No user constrained base clocks found in the design
Info (332128): Timing requirements not specified -- optimizing circuit to achieve the following default global requirements
    Info (332127): Assuming a default timing requirement
Info (332111): Found 5 clocks
    Info (332111):   Period   Clock Name
    Info (332111): ======== ============
    Info (332111):    1.000 CNT16A:inst7|q[0]
    Info (332111):    1.000 FREDIV:inst11|q[9]
    Info (332111):    1.000          IN1
    Info (332111):    1.000         NADV
    Info (332111):    1.000          NWE
Info (186079): Completed User Assigned Global Signals Promotion Operation
Info (186216): Automatically promoted some destinations of signal "FREDIV:inst11|q[9]" to use Global clock
    Info (186217): Destination "FREDIV:inst11|q[9]" may be non-global or may not use global clock
Info (186216): Automatically promoted some destinations of signal "IN1" to use Global clock
    Info (186217): Destination "OUT1" may be non-global or may not use global clock
    Info (186217): Destination "OUT2" may be non-global or may not use global clock
Info (186228): Pin "IN1" drives global clock, but is not placed in a dedicated clock pin position
Info (186216): Automatically promoted some destinations of signal "rtl~0" to use Global clock
    Info (186217): Destination "DAV" may be non-global or may not use global clock
    Info (186217): Destination "CNT16A:inst7|q[7]~16" may be non-global or may not use global clock
Info (186215): Automatically promoted signal "NADV" to use Global clock
Info (186228): Pin "NADV" drives global clock, but is not placed in a dedicated clock pin position
Info (186079): Completed Auto Global Promotion Operation
Info (176234): Starting register packing
Info (186391): Fitter is using Normal packing mode for logic elements with Auto setting for Auto Packed Registers logic option
Info (186468): Started processing fast register assignments
Info (186469): Finished processing fast register assignments
Info (176235): Finished register packing
Info (171121): Fitter preparation operations ending: elapsed time is 00:00:00
Info (170189): Fitter placement preparation operations beginning
Info (170190): Fitter placement preparation operations ending: elapsed time is 00:00:00
Info (170191): Fitter placement operations beginning
Info (170137): Fitter placement was successful
Info (170192): Fitter placement operations ending: elapsed time is 00:00:00
Info (170193): Fitter routing operations beginning
Info (170195): Router estimated average interconnect usage is 9% of the available device resources
    Info (170196): Router estimated peak interconnect usage is 9% of the available device resources in the region that extends from location X0_Y0 to location X8_Y5
Info (170194): Fitter routing operations ending: elapsed time is 00:00:00
Info (170199): The Fitter performed an Auto Fit compilation.  Optimizations were skipped to reduce compilation time.
    Info (170201): Optimizations that may affect the design's routability were skipped
Info (11888): Total time spent on timing analysis during the Fitter is 0.30 seconds.
Info (11218): Fitter post-fit operations ending: elapsed time is 00:00:00
Warning (169064): Following 10 pins have no output enable or a GND or VCC output enable - later changes to this connectivity may change fitting results
    Info (169065): Pin DB[15] has a permanently enabled output enable
    Info (169065): Pin DB[14] has a permanently enabled output enable
    Info (169065): Pin DB[13] has a permanently enabled output enable
    Info (169065): Pin DB[12] has a permanently enabled output enable
    Info (169065): Pin DB[11] has a permanently enabled output enable
    Info (169065): Pin DB[10] has a permanently enabled output enable
    Info (169065): Pin DB[9] has a permanently enabled output enable
    Info (169065): Pin DB[8] has a permanently enabled output enable
    Info (169065): Pin DB[7] has a permanently enabled output enable
    Info (169065): Pin DB[6] has a permanently enabled output enable
Info (144001): Generated suppressed messages file E:/WORKSPACE/STM32F4/STM32F4xx_DSP_StdPeriph_Lib_V1.3.0/Project/FPGA/TFTKEYSTM32B2(sameRS) (F4)/TFTKEYSTM32.fit.smsg
Info: Quartus II 64-Bit Fitter was successful. 0 errors, 2 warnings
    Info: Peak virtual memory: 849 megabytes
    Info: Processing ended: Thu Jul 02 16:43:51 2015
    Info: Elapsed time: 00:00:03
    Info: Total CPU time (on all processors): 00:00:03


+----------------------------+
; Fitter Suppressed Messages ;
+----------------------------+
The suppressed messages can be found in E:/WORKSPACE/STM32F4/STM32F4xx_DSP_StdPeriph_Lib_V1.3.0/Project/FPGA/TFTKEYSTM32B2(sameRS) (F4)/TFTKEYSTM32.fit.smsg.


