Analysis & Synthesis report for TFTKEYSTM32
Tue Apr 14 13:16:56 2015
Quartus II 64-Bit Version 13.0.1 Build 232 06/12/2013 Service Pack 1 SJ Full Version


---------------------
; Table of Contents ;
---------------------
  1. Legal Notice
  2. Analysis & Synthesis Summary
  3. Analysis & Synthesis Settings
  4. Parallel Compilation
  5. Analysis & Synthesis Source Files Read
  6. Analysis & Synthesis Resource Usage Summary
  7. Analysis & Synthesis Resource Utilization by Entity
  8. General Register Statistics
  9. Multiplexer Restructuring Statistics (Restructuring Performed)
 10. Analysis & Synthesis Messages
 11. Analysis & Synthesis Suppressed Messages



----------------
; Legal Notice ;
----------------
Copyright (C) 1991-2013 Altera Corporation
Your use of Altera Corporation's design tools, logic functions 
and other software and tools, and its AMPP partner logic 
functions, and any output files from any of the foregoing 
(including device programming or simulation files), and any 
associated documentation or information are expressly subject 
to the terms and conditions of the Altera Program License 
Subscription Agreement, Altera MegaCore Function License 
Agreement, or other applicable license agreement, including, 
without limitation, that your use is for the sole purpose of 
programming logic devices manufactured by Altera and sold by 
Altera or its authorized distributors.  Please refer to the 
applicable agreement for further details.



+--------------------------------------------------------------------------------+
; Analysis & Synthesis Summary                                                   ;
+-----------------------------+--------------------------------------------------+
; Analysis & Synthesis Status ; Successful - Tue Apr 14 13:16:56 2015            ;
; Quartus II 64-Bit Version   ; 13.0.1 Build 232 06/12/2013 SP 1 SJ Full Version ;
; Revision Name               ; TFTKEYSTM32                                      ;
; Top-level Entity Name       ; TFTKEYSTM32                                      ;
; Family                      ; MAX II                                           ;
; Total logic elements        ; 52                                               ;
; Total pins                  ; 53                                               ;
; Total virtual pins          ; 0                                                ;
; UFM blocks                  ; 0 / 1 ( 0 % )                                    ;
+-----------------------------+--------------------------------------------------+


+----------------------------------------------------------------------------------------------------------------------+
; Analysis & Synthesis Settings                                                                                        ;
+----------------------------------------------------------------------------+--------------------+--------------------+
; Option                                                                     ; Setting            ; Default Value      ;
+----------------------------------------------------------------------------+--------------------+--------------------+
; Device                                                                     ; EPM240T100C5       ;                    ;
; Top-level entity name                                                      ; TFTKEYSTM32        ; TFTKEYSTM32        ;
; Family name                                                                ; MAX II             ; Cyclone IV GX      ;
; Use smart compilation                                                      ; Off                ; Off                ;
; Enable parallel Assembler and TimeQuest Timing Analyzer during compilation ; On                 ; On                 ;
; Enable compact report table                                                ; Off                ; Off                ;
; Restructure Multiplexers                                                   ; Auto               ; Auto               ;
; Create Debugging Nodes for IP Cores                                        ; Off                ; Off                ;
; Preserve fewer node names                                                  ; On                 ; On                 ;
; Disable OpenCore Plus hardware evaluation                                  ; Off                ; Off                ;
; Verilog Version                                                            ; Verilog_2001       ; Verilog_2001       ;
; VHDL Version                                                               ; VHDL_1993          ; VHDL_1993          ;
; State Machine Processing                                                   ; Auto               ; Auto               ;
; Safe State Machine                                                         ; Off                ; Off                ;
; Extract Verilog State Machines                                             ; On                 ; On                 ;
; Extract VHDL State Machines                                                ; On                 ; On                 ;
; Ignore Verilog initial constructs                                          ; Off                ; Off                ;
; Iteration limit for constant Verilog loops                                 ; 5000               ; 5000               ;
; Iteration limit for non-constant Verilog loops                             ; 250                ; 250                ;
; Add Pass-Through Logic to Inferred RAMs                                    ; On                 ; On                 ;
; Infer RAMs from Raw Logic                                                  ; On                 ; On                 ;
; Parallel Synthesis                                                         ; Off                ; Off                ;
; NOT Gate Push-Back                                                         ; On                 ; On                 ;
; Power-Up Don't Care                                                        ; On                 ; On                 ;
; Remove Redundant Logic Cells                                               ; Off                ; Off                ;
; Remove Duplicate Registers                                                 ; On                 ; On                 ;
; Ignore CARRY Buffers                                                       ; Off                ; Off                ;
; Ignore CASCADE Buffers                                                     ; Off                ; Off                ;
; Ignore GLOBAL Buffers                                                      ; Off                ; Off                ;
; Ignore ROW GLOBAL Buffers                                                  ; Off                ; Off                ;
; Ignore LCELL Buffers                                                       ; Off                ; Off                ;
; Ignore SOFT Buffers                                                        ; On                 ; On                 ;
; Limit AHDL Integers to 32 Bits                                             ; Off                ; Off                ;
; Optimization Technique                                                     ; Balanced           ; Balanced           ;
; Carry Chain Length                                                         ; 70                 ; 70                 ;
; Auto Carry Chains                                                          ; On                 ; On                 ;
; Auto Open-Drain Pins                                                       ; On                 ; On                 ;
; Perform WYSIWYG Primitive Resynthesis                                      ; Off                ; Off                ;
; Auto Shift Register Replacement                                            ; Auto               ; Auto               ;
; Allow Shift Register Merging across Hierarchies                            ; Auto               ; Auto               ;
; Auto Clock Enable Replacement                                              ; On                 ; On                 ;
; Allow Synchronous Control Signals                                          ; On                 ; On                 ;
; Force Use of Synchronous Clear Signals                                     ; Off                ; Off                ;
; Auto Resource Sharing                                                      ; Off                ; Off                ;
; Use LogicLock Constraints during Resource Balancing                        ; On                 ; On                 ;
; Ignore translate_off and synthesis_off directives                          ; Off                ; Off                ;
; Report Parameter Settings                                                  ; On                 ; On                 ;
; Report Source Assignments                                                  ; On                 ; On                 ;
; Report Connectivity Checks                                                 ; On                 ; On                 ;
; Ignore Maximum Fan-Out Assignments                                         ; Off                ; Off                ;
; Synchronization Register Chain Length                                      ; 2                  ; 2                  ;
; PowerPlay Power Optimization                                               ; Normal compilation ; Normal compilation ;
; HDL message level                                                          ; Level2             ; Level2             ;
; Suppress Register Optimization Related Messages                            ; Off                ; Off                ;
; Number of Removed Registers Reported in Synthesis Report                   ; 5000               ; 5000               ;
; Number of Swept Nodes Reported in Synthesis Report                         ; 5000               ; 5000               ;
; Number of Inverted Registers Reported in Synthesis Report                  ; 100                ; 100                ;
; Clock MUX Protection                                                       ; On                 ; On                 ;
; Block Design Naming                                                        ; Auto               ; Auto               ;
; Synthesis Effort                                                           ; Auto               ; Auto               ;
; Shift Register Replacement - Allow Asynchronous Clear Signal               ; On                 ; On                 ;
; Pre-Mapping Resynthesis Optimization                                       ; Off                ; Off                ;
; Analysis & Synthesis Message Level                                         ; Medium             ; Medium             ;
; Disable Register Merging Across Hierarchies                                ; Auto               ; Auto               ;
; Synthesis Seed                                                             ; 1                  ; 1                  ;
+----------------------------------------------------------------------------+--------------------+--------------------+


+------------------------------------------+
; Parallel Compilation                     ;
+----------------------------+-------------+
; Processors                 ; Number      ;
+----------------------------+-------------+
; Number detected on machine ; 4           ;
; Maximum allowed            ; 2           ;
;                            ;             ;
; Average used               ; 1.00        ;
; Maximum used               ; 1           ;
;                            ;             ;
; Usage by Processor         ; % Time Used ;
;     Processor 1            ; 100.0%      ;
;     Processors 2-4         ;   0.0%      ;
+----------------------------+-------------+


+---------------------------------------------------------------------------------------------------------------------------------------------------------------------------------------------------------------------+
; Analysis & Synthesis Source Files Read                                                                                                                                                                              ;
+----------------------------------+-----------------+------------------------------------+-----------------------------------------------------------------------------------------------------------------+---------+
; File Name with User-Entered Path ; Used in Netlist ; File Type                          ; File Name with Absolute Path                                                                                    ; Library ;
+----------------------------------+-----------------+------------------------------------+-----------------------------------------------------------------------------------------------------------------+---------+
; CNT16A.vhd                       ; yes             ; User VHDL File                     ; E:/WORKSPACE/STM32F4/STM32F4xx_DSP_StdPeriph_Lib_V1.3.0/Project/FPGA/TFTKEYSTM32B2(sameRS) (F4)/CNT16A.vhd      ;         ;
; CNT4A.vhd                        ; yes             ; User VHDL File                     ; E:/WORKSPACE/STM32F4/STM32F4xx_DSP_StdPeriph_Lib_V1.3.0/Project/FPGA/TFTKEYSTM32B2(sameRS) (F4)/CNT4A.vhd       ;         ;
; DECODE.vhd                       ; yes             ; User VHDL File                     ; E:/WORKSPACE/STM32F4/STM32F4xx_DSP_StdPeriph_Lib_V1.3.0/Project/FPGA/TFTKEYSTM32B2(sameRS) (F4)/DECODE.vhd      ;         ;
; ENCODE.vhd                       ; yes             ; User VHDL File                     ; E:/WORKSPACE/STM32F4/STM32F4xx_DSP_StdPeriph_Lib_V1.3.0/Project/FPGA/TFTKEYSTM32B2(sameRS) (F4)/ENCODE.vhd      ;         ;
; FREDIV.vhd                       ; yes             ; User VHDL File                     ; E:/WORKSPACE/STM32F4/STM32F4xx_DSP_StdPeriph_Lib_V1.3.0/Project/FPGA/TFTKEYSTM32B2(sameRS) (F4)/FREDIV.vhd      ;         ;
; REG4.vhd                         ; yes             ; User VHDL File                     ; E:/WORKSPACE/STM32F4/STM32F4xx_DSP_StdPeriph_Lib_V1.3.0/Project/FPGA/TFTKEYSTM32B2(sameRS) (F4)/REG4.vhd        ;         ;
; TFTKEYSTM32.bdf                  ; yes             ; User Block Diagram/Schematic File  ; E:/WORKSPACE/STM32F4/STM32F4xx_DSP_StdPeriph_Lib_V1.3.0/Project/FPGA/TFTKEYSTM32B2(sameRS) (F4)/TFTKEYSTM32.bdf ;         ;
; TS16.vhd                         ; yes             ; User VHDL File                     ; E:/WORKSPACE/STM32F4/STM32F4xx_DSP_StdPeriph_Lib_V1.3.0/Project/FPGA/TFTKEYSTM32B2(sameRS) (F4)/TS16.vhd        ;         ;
; TS4.vhd                          ; yes             ; User VHDL File                     ; E:/WORKSPACE/STM32F4/STM32F4xx_DSP_StdPeriph_Lib_V1.3.0/Project/FPGA/TFTKEYSTM32B2(sameRS) (F4)/TS4.vhd         ;         ;
; Cmd_Or_Data.v                    ; yes             ; User Verilog HDL File              ; E:/WORKSPACE/STM32F4/STM32F4xx_DSP_StdPeriph_Lib_V1.3.0/Project/FPGA/TFTKEYSTM32B2(sameRS) (F4)/Cmd_Or_Data.v   ;         ;
; test.v                           ; yes             ; User Verilog HDL File              ; E:/WORKSPACE/STM32F4/STM32F4xx_DSP_StdPeriph_Lib_V1.3.0/Project/FPGA/TFTKEYSTM32B2(sameRS) (F4)/test.v          ;         ;
+----------------------------------+-----------------+------------------------------------+-----------------------------------------------------------------------------------------------------------------+---------+


+------------------------------------------------------+
; Analysis & Synthesis Resource Usage Summary          ;
+---------------------------------------------+--------+
; Resource                                    ; Usage  ;
+---------------------------------------------+--------+
; Total logic elements                        ; 52     ;
;     -- Combinational with no register       ; 28     ;
;     -- Register only                        ; 3      ;
;     -- Combinational with a register        ; 21     ;
;                                             ;        ;
; Logic element usage by number of LUT inputs ;        ;
;     -- 4 input functions                    ; 22     ;
;     -- 3 input functions                    ; 7      ;
;     -- 2 input functions                    ; 19     ;
;     -- 1 input functions                    ; 1      ;
;     -- 0 input functions                    ; 0      ;
;                                             ;        ;
; Logic elements by mode                      ;        ;
;     -- normal mode                          ; 43     ;
;     -- arithmetic mode                      ; 9      ;
;     -- qfbk mode                            ; 0      ;
;     -- register cascade mode                ; 0      ;
;     -- synchronous clear/load mode          ; 0      ;
;     -- asynchronous clear/load mode         ; 0      ;
;                                             ;        ;
; Total registers                             ; 24     ;
; Total logic cells in carry chains           ; 10     ;
; I/O pins                                    ; 53     ;
; Maximum fan-out node                        ; inst12 ;
; Maximum fan-out                             ; 16     ;
; Total fan-out                               ; 242    ;
; Average fan-out                             ; 2.30   ;
+---------------------------------------------+--------+


+---------------------------------------------------------------------------------------------------------------------------------------------------------------------------------------------------------------------------------------+
; Analysis & Synthesis Resource Utilization by Entity                                                                                                                                                                                   ;
+-----------------------------+-------------+--------------+------------+------+--------------+--------------+-------------------+------------------+-----------------+------------+-------------------------------------+--------------+
; Compilation Hierarchy Node  ; Logic Cells ; LC Registers ; UFM Blocks ; Pins ; Virtual Pins ; LUT-Only LCs ; Register-Only LCs ; LUT/Register LCs ; Carry Chain LCs ; Packed LCs ; Full Hierarchy Name                 ; Library Name ;
+-----------------------------+-------------+--------------+------------+------+--------------+--------------+-------------------+------------------+-----------------+------------+-------------------------------------+--------------+
; |TFTKEYSTM32                ; 52 (6)      ; 24           ; 0          ; 53   ; 0            ; 28 (5)       ; 3 (1)             ; 21 (0)           ; 10 (0)          ; 0 (0)      ; |TFTKEYSTM32                        ; work         ;
;    |CMD_DATA_SELECT:inst19| ; 11 (11)     ; 0            ; 0          ; 0    ; 0            ; 11 (11)      ; 0 (0)             ; 0 (0)            ; 0 (0)           ; 0 (0)      ; |TFTKEYSTM32|CMD_DATA_SELECT:inst19 ; work         ;
;    |CNT16A:inst7|           ; 6 (6)       ; 4            ; 0          ; 0    ; 0            ; 2 (2)        ; 0 (0)             ; 4 (4)            ; 0 (0)           ; 0 (0)      ; |TFTKEYSTM32|CNT16A:inst7           ; work         ;
;    |CNT4A:inst13|           ; 2 (2)       ; 2            ; 0          ; 0    ; 0            ; 0 (0)        ; 0 (0)             ; 2 (2)            ; 0 (0)           ; 0 (0)      ; |TFTKEYSTM32|CNT4A:inst13           ; work         ;
;    |DECODE:inst14|          ; 4 (4)       ; 0            ; 0          ; 0    ; 0            ; 4 (4)        ; 0 (0)             ; 0 (0)            ; 0 (0)           ; 0 (0)      ; |TFTKEYSTM32|DECODE:inst14          ; work         ;
;    |ENCODE:inst2|           ; 1 (1)       ; 0            ; 0          ; 0    ; 0            ; 1 (1)        ; 0 (0)             ; 0 (0)            ; 0 (0)           ; 0 (0)      ; |TFTKEYSTM32|ENCODE:inst2           ; work         ;
;    |FREDIV:inst11|          ; 10 (10)     ; 10           ; 0          ; 0    ; 0            ; 0 (0)        ; 0 (0)             ; 10 (10)          ; 10 (10)         ; 0 (0)      ; |TFTKEYSTM32|FREDIV:inst11          ; work         ;
;    |REG4:inst16|            ; 4 (4)       ; 4            ; 0          ; 0    ; 0            ; 0 (0)        ; 2 (2)             ; 2 (2)            ; 0 (0)           ; 0 (0)      ; |TFTKEYSTM32|REG4:inst16            ; work         ;
;    |TEST:inst23|            ; 3 (3)       ; 3            ; 0          ; 0    ; 0            ; 0 (0)        ; 0 (0)             ; 3 (3)            ; 0 (0)           ; 0 (0)      ; |TFTKEYSTM32|TEST:inst23            ; work         ;
;    |TS16:inst4|             ; 5 (5)       ; 0            ; 0          ; 0    ; 0            ; 5 (5)        ; 0 (0)             ; 0 (0)            ; 0 (0)           ; 0 (0)      ; |TFTKEYSTM32|TS16:inst4             ; work         ;
+-----------------------------+-------------+--------------+------------+------+--------------+--------------+-------------------+------------------+-----------------+------------+-------------------------------------+--------------+
Note: For table entries with two numbers listed, the numbers in parentheses indicate the number of resources of the given type used by the specific entity alone. The numbers listed outside of parentheses indicate the total resources of the given type used by the specific entity and all of its sub-entities in the hierarchy.


+------------------------------------------------------+
; General Register Statistics                          ;
+----------------------------------------------+-------+
; Statistic                                    ; Value ;
+----------------------------------------------+-------+
; Total registers                              ; 24    ;
; Number of registers using Synchronous Clear  ; 0     ;
; Number of registers using Synchronous Load   ; 0     ;
; Number of registers using Asynchronous Clear ; 0     ;
; Number of registers using Asynchronous Load  ; 0     ;
; Number of registers using Clock Enable       ; 0     ;
; Number of registers using Preset             ; 0     ;
+----------------------------------------------+-------+


+------------------------------------------------------------------------------------------------------------------------------------------------------------+
; Multiplexer Restructuring Statistics (Restructuring Performed)                                                                                             ;
+--------------------+-----------+---------------+----------------------+------------------------+------------+----------------------------------------------+
; Multiplexer Inputs ; Bus Width ; Baseline Area ; Area if Restructured ; Saving if Restructured ; Registered ; Example Multiplexer Output                   ;
+--------------------+-----------+---------------+----------------------+------------------------+------------+----------------------------------------------+
; 3:1                ; 4 bits    ; 8 LEs         ; 8 LEs                ; 0 LEs                  ; Yes        ; |TFTKEYSTM32|CNT16A:inst7|q[3]               ;
; 3:1                ; 8 bits    ; 16 LEs        ; 8 LEs                ; 8 LEs                  ; No         ; |TFTKEYSTM32|CMD_DATA_SELECT:inst19|DATA_OUT ;
+--------------------+-----------+---------------+----------------------+------------------------+------------+----------------------------------------------+


+-------------------------------+
; Analysis & Synthesis Messages ;
+-------------------------------+
Info: *******************************************************************
Info: Running Quartus II 64-Bit Analysis & Synthesis
    Info: Version 13.0.1 Build 232 06/12/2013 Service Pack 1 SJ Full Version
    Info: Processing started: Tue Apr 14 13:16:45 2015
Info: Command: quartus_map --read_settings_files=on --write_settings_files=off TFTKEYSTM32 -c TFTKEYSTM32
Info (11104): Parallel Compilation has detected 4 hyper-threaded processors. However, the extra hyper-threaded processors will not be used by default. Parallel Compilation will use 2 of the 2 physical processors detected instead.
Info (12021): Found 2 design units, including 1 entities, in source file cnt16a.vhd
    Info (12022): Found design unit 1: CNT16A-one
    Info (12023): Found entity 1: CNT16A
Info (12021): Found 2 design units, including 1 entities, in source file cnt4a.vhd
    Info (12022): Found design unit 1: CNT4A-one
    Info (12023): Found entity 1: CNT4A
Info (12021): Found 2 design units, including 1 entities, in source file decode.vhd
    Info (12022): Found design unit 1: DECODE-one
    Info (12023): Found entity 1: DECODE
Info (12021): Found 2 design units, including 1 entities, in source file dlatch8.vhd
    Info (12022): Found design unit 1: DLATCH8-one
    Info (12023): Found entity 1: DLATCH8
Info (12021): Found 2 design units, including 1 entities, in source file encode.vhd
    Info (12022): Found design unit 1: ENCODE-one
    Info (12023): Found entity 1: ENCODE
Info (12021): Found 2 design units, including 1 entities, in source file frediv.vhd
    Info (12022): Found design unit 1: FREDIV-one
    Info (12023): Found entity 1: FREDIV
Info (12021): Found 2 design units, including 1 entities, in source file reg4.vhd
    Info (12022): Found design unit 1: REG4-one
    Info (12023): Found entity 1: REG4
Info (12021): Found 1 design units, including 1 entities, in source file tftkeystm32.bdf
    Info (12023): Found entity 1: TFTKEYSTM32
Info (12021): Found 2 design units, including 1 entities, in source file ts16.vhd
    Info (12022): Found design unit 1: TS16-one
    Info (12023): Found entity 1: TS16
Info (12021): Found 2 design units, including 1 entities, in source file ts4.vhd
    Info (12022): Found design unit 1: TS4-one
    Info (12023): Found entity 1: TS4
Warning (10261): Verilog HDL Event Control warning at Cmd_Or_Data.v(4): Event Control contains a complex event expression
Info (12021): Found 1 design units, including 1 entities, in source file cmd_or_data.v
    Info (12023): Found entity 1: CMD_DATA_SELECT
Info (12021): Found 1 design units, including 1 entities, in source file test.v
    Info (12023): Found entity 1: TEST
Info (12127): Elaborating entity "TFTKEYSTM32" for the top level hierarchy
Warning (275008): Primitive "OPNDRN" of instance "inst" not used
Info (12128): Elaborating entity "CNT16A" for hierarchy "CNT16A:inst7"
Info (12128): Elaborating entity "FREDIV" for hierarchy "FREDIV:inst11"
Info (12128): Elaborating entity "ENCODE" for hierarchy "ENCODE:inst2"
Info (12128): Elaborating entity "CMD_DATA_SELECT" for hierarchy "CMD_DATA_SELECT:inst19"
Info (12128): Elaborating entity "TEST" for hierarchy "TEST:inst23"
Info (12128): Elaborating entity "TS16" for hierarchy "TS16:inst8"
Info (12128): Elaborating entity "TS4" for hierarchy "TS4:inst17"
Info (12128): Elaborating entity "REG4" for hierarchy "REG4:inst16"
Info (12128): Elaborating entity "CNT4A" for hierarchy "CNT4A:inst13"
Info (12128): Elaborating entity "DECODE" for hierarchy "DECODE:inst14"
Warning (13034): The following nodes have both tri-state and non-tri-state drivers
    Warning (13035): Inserted always-enabled tri-state buffer between "DB[15]" and its non-tri-state driver.
    Warning (13035): Inserted always-enabled tri-state buffer between "DB[14]" and its non-tri-state driver.
    Warning (13035): Inserted always-enabled tri-state buffer between "DB[13]" and its non-tri-state driver.
    Warning (13035): Inserted always-enabled tri-state buffer between "DB[12]" and its non-tri-state driver.
    Warning (13035): Inserted always-enabled tri-state buffer between "DB[11]" and its non-tri-state driver.
    Warning (13035): Inserted always-enabled tri-state buffer between "DB[10]" and its non-tri-state driver.
    Warning (13035): Inserted always-enabled tri-state buffer between "DB[9]" and its non-tri-state driver.
    Warning (13035): Inserted always-enabled tri-state buffer between "DB[8]" and its non-tri-state driver.
    Warning (13035): Inserted always-enabled tri-state buffer between "DB[7]" and its non-tri-state driver.
    Warning (13035): Inserted always-enabled tri-state buffer between "DB[6]" and its non-tri-state driver.
Warning (13027): Removed fan-outs from the following always-disabled I/O buffers
    Warning (13028): Removed fan-out from the always-disabled I/O buffer "CMD_DATA_SELECT:inst19|RS" to the node "RS"
    Warning (13028): Removed fan-out from the always-disabled I/O buffer "CMD_DATA_SELECT:inst19|DATA_OUT[15]" to the node "DB[15]"
    Warning (13028): Removed fan-out from the always-disabled I/O buffer "CMD_DATA_SELECT:inst19|DATA_OUT[14]" to the node "DB[14]"
    Warning (13028): Removed fan-out from the always-disabled I/O buffer "CMD_DATA_SELECT:inst19|DATA_OUT[13]" to the node "DB[13]"
    Warning (13028): Removed fan-out from the always-disabled I/O buffer "CMD_DATA_SELECT:inst19|DATA_OUT[12]" to the node "DB[12]"
    Warning (13028): Removed fan-out from the always-disabled I/O buffer "CMD_DATA_SELECT:inst19|DATA_OUT[11]" to the node "DB[11]"
    Warning (13028): Removed fan-out from the always-disabled I/O buffer "CMD_DATA_SELECT:inst19|DATA_OUT[10]" to the node "DB[10]"
    Warning (13028): Removed fan-out from the always-disabled I/O buffer "CMD_DATA_SELECT:inst19|DATA_OUT[9]" to the node "DB[9]"
    Warning (13028): Removed fan-out from the always-disabled I/O buffer "CMD_DATA_SELECT:inst19|DATA_OUT[8]" to the node "DB[8]"
    Warning (13028): Removed fan-out from the always-disabled I/O buffer "CMD_DATA_SELECT:inst19|DATA_OUT[7]" to the node "DB[7]"
    Warning (13028): Removed fan-out from the always-disabled I/O buffer "CMD_DATA_SELECT:inst19|DATA_OUT[6]" to the node "DB[6]"
    Warning (13028): Removed fan-out from the always-disabled I/O buffer "CMD_DATA_SELECT:inst19|DATA_OUT[5]" to the node "DB[5]"
    Warning (13028): Removed fan-out from the always-disabled I/O buffer "CMD_DATA_SELECT:inst19|DATA_OUT[4]" to the node "DB[4]"
    Warning (13028): Removed fan-out from the always-disabled I/O buffer "CMD_DATA_SELECT:inst19|DATA_OUT[3]" to the node "DB[3]"
    Warning (13028): Removed fan-out from the always-disabled I/O buffer "CMD_DATA_SELECT:inst19|DATA_OUT[2]" to the node "DB[2]"
    Warning (13028): Removed fan-out from the always-disabled I/O buffer "CMD_DATA_SELECT:inst19|DATA_OUT[1]" to the node "DB[1]"
    Warning (13028): Removed fan-out from the always-disabled I/O buffer "CMD_DATA_SELECT:inst19|DATA_OUT[0]" to the node "DB[0]"
Warning (13046): Tri-state node(s) do not directly drive top-level pin(s)
    Warning (13047): Converted the fan-out from the tri-state buffer "TS16:inst8|do[13]" to the node "CMD_DATA_SELECT:inst19|DATA_OUT" into an OR gate
    Warning (13047): Converted the fan-out from the tri-state buffer "TS16:inst8|do[14]" to the node "CMD_DATA_SELECT:inst19|DATA_OUT" into an OR gate
    Warning (13047): Converted the fan-out from the tri-state buffer "TS16:inst8|do[12]" to the node "CMD_DATA_SELECT:inst19|DATA_OUT" into an OR gate
    Warning (13047): Converted the fan-out from the tri-state buffer "TS16:inst8|do[11]" to the node "CMD_DATA_SELECT:inst19|DATA_OUT" into an OR gate
    Warning (13047): Converted the fan-out from the tri-state buffer "TS16:inst8|do[10]" to the node "CMD_DATA_SELECT:inst19|DATA_OUT" into an OR gate
    Warning (13047): Converted the fan-out from the tri-state buffer "TS16:inst8|do[9]" to the node "CMD_DATA_SELECT:inst19|DATA_OUT" into an OR gate
    Warning (13047): Converted the fan-out from the tri-state buffer "TS16:inst8|do[8]" to the node "CMD_DATA_SELECT:inst19|DATA_OUT" into an OR gate
    Warning (13047): Converted the fan-out from the tri-state buffer "TS16:inst8|do[7]" to the node "CMD_DATA_SELECT:inst19|DATA_OUT" into an OR gate
    Warning (13047): Converted the fan-out from the tri-state buffer "TS16:inst8|do[6]" to the node "CMD_DATA_SELECT:inst19|DATA_OUT" into an OR gate
    Warning (13047): Converted the fan-out from the tri-state buffer "TS16:inst8|do[15]" to the node "CMD_DATA_SELECT:inst19|DATA_OUT" into an OR gate
Info (13060): One or more bidirs are fed by always enabled tri-state buffers
    Info (13061): Fan-out of permanently enabled tri-state buffer feeding bidir "DB[15]" is moved to its source
    Info (13061): Fan-out of permanently enabled tri-state buffer feeding bidir "DB[14]" is moved to its source
    Info (13061): Fan-out of permanently enabled tri-state buffer feeding bidir "DB[13]" is moved to its source
    Info (13061): Fan-out of permanently enabled tri-state buffer feeding bidir "DB[12]" is moved to its source
    Info (13061): Fan-out of permanently enabled tri-state buffer feeding bidir "DB[11]" is moved to its source
    Info (13061): Fan-out of permanently enabled tri-state buffer feeding bidir "DB[10]" is moved to its source
    Info (13061): Fan-out of permanently enabled tri-state buffer feeding bidir "DB[9]" is moved to its source
    Info (13061): Fan-out of permanently enabled tri-state buffer feeding bidir "DB[8]" is moved to its source
    Info (13061): Fan-out of permanently enabled tri-state buffer feeding bidir "DB[7]" is moved to its source
    Info (13061): Fan-out of permanently enabled tri-state buffer feeding bidir "DB[6]" is moved to its source
Warning (13009): TRI or OPNDRN buffers permanently enabled
    Warning (13010): Node "DB~synth"
    Warning (13010): Node "DB~synth"
    Warning (13010): Node "DB~synth"
    Warning (13010): Node "DB~synth"
    Warning (13010): Node "DB~synth"
    Warning (13010): Node "DB~synth"
    Warning (13010): Node "DB~synth"
    Warning (13010): Node "DB~synth"
    Warning (13010): Node "DB~synth"
    Warning (13010): Node "DB~synth"
Info (21057): Implemented 105 device resources after synthesis - the final resource count might be different
    Info (21058): Implemented 9 input pins
    Info (21059): Implemented 12 output pins
    Info (21060): Implemented 32 bidirectional pins
    Info (21061): Implemented 52 logic cells
Info (144001): Generated suppressed messages file E:/WORKSPACE/STM32F4/STM32F4xx_DSP_StdPeriph_Lib_V1.3.0/Project/FPGA/TFTKEYSTM32B2(sameRS) (F4)/TFTKEYSTM32.map.smsg
Info: Quartus II 64-Bit Analysis & Synthesis was successful. 0 errors, 53 warnings
    Info: Peak virtual memory: 476 megabytes
    Info: Processing ended: Tue Apr 14 13:16:56 2015
    Info: Elapsed time: 00:00:11
    Info: Total CPU time (on all processors): 00:00:04


+------------------------------------------+
; Analysis & Synthesis Suppressed Messages ;
+------------------------------------------+
The suppressed messages can be found in E:/WORKSPACE/STM32F4/STM32F4xx_DSP_StdPeriph_Lib_V1.3.0/Project/FPGA/TFTKEYSTM32B2(sameRS) (F4)/TFTKEYSTM32.map.smsg.


